{"C:\\Finance-Tracker\\frontend\\src\\components\\AddTransaction.jsx": {"path":"C:\\Finance-Tracker\\frontend\\src\\components\\AddTransaction.jsx","statementMap":{"0":{"start":{"line":4,"column":29},"end":{"line":4,"column":41}},"1":{"start":{"line":5,"column":25},"end":{"line":5,"column":44}},"2":{"start":{"line":6,"column":33},"end":{"line":6,"column":45}},"3":{"start":{"line":7,"column":25},"end":{"line":7,"column":37}},"4":{"start":{"line":8,"column":39},"end":{"line":8,"column":51}},"5":{"start":{"line":9,"column":31},"end":{"line":9,"column":43}},"6":{"start":{"line":11,"column":22},"end":{"line":52,"column":2}},"7":{"start":{"line":12,"column":2},"end":{"line":12,"column":17}},"8":{"start":{"line":14,"column":2},"end":{"line":17,"column":3}},"9":{"start":{"line":15,"column":3},"end":{"line":15,"column":61}},"10":{"start":{"line":16,"column":3},"end":{"line":16,"column":10}},"11":{"start":{"line":19,"column":15},"end":{"line":26,"column":3}},"12":{"start":{"line":28,"column":2},"end":{"line":51,"column":3}},"13":{"start":{"line":29,"column":15},"end":{"line":33,"column":5}},"14":{"start":{"line":35,"column":3},"end":{"line":47,"column":4}},"15":{"start":{"line":36,"column":17},"end":{"line":36,"column":33}},"16":{"start":{"line":37,"column":4},"end":{"line":37,"column":49}},"17":{"start":{"line":39,"column":4},"end":{"line":39,"column":18}},"18":{"start":{"line":40,"column":4},"end":{"line":40,"column":23}},"19":{"start":{"line":41,"column":4},"end":{"line":41,"column":20}},"20":{"start":{"line":42,"column":4},"end":{"line":42,"column":16}},"21":{"start":{"line":43,"column":4},"end":{"line":43,"column":23}},"22":{"start":{"line":45,"column":16},"end":{"line":45,"column":32}},"23":{"start":{"line":46,"column":4},"end":{"line":46,"column":71}},"24":{"start":{"line":49,"column":3},"end":{"line":49,"column":20}},"25":{"start":{"line":50,"column":3},"end":{"line":50,"column":55}},"26":{"start":{"line":54,"column":1},"end":{"line":94,"column":3}},"27":{"start":{"line":62,"column":21},"end":{"line":62,"column":46}},"28":{"start":{"line":65,"column":41},"end":{"line":65,"column":64}},"29":{"start":{"line":74,"column":21},"end":{"line":74,"column":48}},"30":{"start":{"line":80,"column":21},"end":{"line":80,"column":44}},"31":{"start":{"line":87,"column":21},"end":{"line":87,"column":51}}},"fnMap":{"0":{"name":"AddTransaction","decl":{"start":{"line":3,"column":9},"end":{"line":3,"column":23}},"loc":{"start":{"line":3,"column":36},"end":{"line":95,"column":1}},"line":3},"1":{"name":"(anonymous_1)","decl":{"start":{"line":11,"column":22},"end":{"line":11,"column":23}},"loc":{"start":{"line":11,"column":34},"end":{"line":52,"column":2}},"line":11},"2":{"name":"(anonymous_2)","decl":{"start":{"line":62,"column":14},"end":{"line":62,"column":15}},"loc":{"start":{"line":62,"column":21},"end":{"line":62,"column":46}},"line":62},"3":{"name":"(anonymous_3)","decl":{"start":{"line":65,"column":34},"end":{"line":65,"column":35}},"loc":{"start":{"line":65,"column":41},"end":{"line":65,"column":64}},"line":65},"4":{"name":"(anonymous_4)","decl":{"start":{"line":74,"column":14},"end":{"line":74,"column":15}},"loc":{"start":{"line":74,"column":21},"end":{"line":74,"column":48}},"line":74},"5":{"name":"(anonymous_5)","decl":{"start":{"line":80,"column":14},"end":{"line":80,"column":15}},"loc":{"start":{"line":80,"column":21},"end":{"line":80,"column":44}},"line":80},"6":{"name":"(anonymous_6)","decl":{"start":{"line":87,"column":14},"end":{"line":87,"column":15}},"loc":{"start":{"line":87,"column":21},"end":{"line":87,"column":51}},"line":87}},"branchMap":{"0":{"loc":{"start":{"line":14,"column":2},"end":{"line":17,"column":3}},"type":"if","locations":[{"start":{"line":14,"column":2},"end":{"line":17,"column":3}},{"start":{},"end":{}}],"line":14},"1":{"loc":{"start":{"line":35,"column":3},"end":{"line":47,"column":4}},"type":"if","locations":[{"start":{"line":35,"column":3},"end":{"line":47,"column":4}},{"start":{"line":44,"column":10},"end":{"line":47,"column":4}}],"line":35},"2":{"loc":{"start":{"line":46,"column":25},"end":{"line":46,"column":67}},"type":"binary-expr","locations":[{"start":{"line":46,"column":25},"end":{"line":46,"column":36}},{"start":{"line":46,"column":40},"end":{"line":46,"column":67}}],"line":46}},"s":{"0":54,"1":54,"2":54,"3":54,"4":54,"5":54,"6":54,"7":6,"8":6,"9":1,"10":1,"11":5,"12":5,"13":5,"14":4,"15":3,"16":3,"17":3,"18":3,"19":3,"20":3,"21":3,"22":1,"23":1,"24":1,"25":1,"26":54,"27":22,"28":2,"29":8,"30":0,"31":0},"f":{"0":54,"1":6,"2":22,"3":2,"4":8,"5":0,"6":0},"b":{"0":[1,5],"1":[3,1],"2":[1,0]},"_coverageSchema":"1a1c01bbd47fc00a2c39e90264f33305004495a9","hash":"811f8771670d82ad8ea64160795c275a3612c761"}
,"C:\\Finance-Tracker\\frontend\\src\\components\\BudgetForm.jsx": {"path":"C:\\Finance-Tracker\\frontend\\src\\components\\BudgetForm.jsx","statementMap":{"0":{"start":{"line":4,"column":28},"end":{"line":4,"column":63}},"1":{"start":{"line":5,"column":26},"end":{"line":5,"column":60}},"2":{"start":{"line":6,"column":30},"end":{"line":6,"column":42}},"3":{"start":{"line":7,"column":32},"end":{"line":7,"column":44}},"4":{"start":{"line":8,"column":38},"end":{"line":8,"column":52}},"5":{"start":{"line":9,"column":32},"end":{"line":9,"column":47}},"6":{"start":{"line":12,"column":2},"end":{"line":16,"column":28}},"7":{"start":{"line":13,"column":4},"end":{"line":15,"column":5}},"8":{"start":{"line":14,"column":6},"end":{"line":14,"column":24}},"9":{"start":{"line":18,"column":26},"end":{"line":39,"column":3}},"10":{"start":{"line":19,"column":4},"end":{"line":19,"column":21}},"11":{"start":{"line":20,"column":4},"end":{"line":20,"column":19}},"12":{"start":{"line":21,"column":4},"end":{"line":38,"column":5}},"13":{"start":{"line":22,"column":18},"end":{"line":24,"column":7}},"14":{"start":{"line":25,"column":6},"end":{"line":32,"column":7}},"15":{"start":{"line":26,"column":21},"end":{"line":26,"column":37}},"16":{"start":{"line":27,"column":8},"end":{"line":27,"column":28}},"17":{"start":{"line":29,"column":20},"end":{"line":29,"column":36}},"18":{"start":{"line":30,"column":8},"end":{"line":30,"column":28}},"19":{"start":{"line":31,"column":8},"end":{"line":31,"column":64}},"20":{"start":{"line":34,"column":6},"end":{"line":34,"column":23}},"21":{"start":{"line":35,"column":6},"end":{"line":35,"column":63}},"22":{"start":{"line":37,"column":6},"end":{"line":37,"column":24}},"23":{"start":{"line":41,"column":23},"end":{"line":82,"column":3}},"24":{"start":{"line":42,"column":4},"end":{"line":42,"column":19}},"25":{"start":{"line":44,"column":4},"end":{"line":47,"column":5}},"26":{"start":{"line":45,"column":6},"end":{"line":45,"column":59}},"27":{"start":{"line":46,"column":6},"end":{"line":46,"column":13}},"28":{"start":{"line":49,"column":4},"end":{"line":52,"column":5}},"29":{"start":{"line":50,"column":6},"end":{"line":50,"column":56}},"30":{"start":{"line":51,"column":6},"end":{"line":51,"column":13}},"31":{"start":{"line":54,"column":17},"end":{"line":59,"column":5}},"32":{"start":{"line":61,"column":4},"end":{"line":81,"column":5}},"33":{"start":{"line":62,"column":18},"end":{"line":66,"column":8}},"34":{"start":{"line":68,"column":6},"end":{"line":77,"column":7}},"35":{"start":{"line":69,"column":21},"end":{"line":69,"column":37}},"36":{"start":{"line":70,"column":8},"end":{"line":70,"column":47}},"37":{"start":{"line":71,"column":8},"end":{"line":71,"column":22}},"38":{"start":{"line":73,"column":8},"end":{"line":73,"column":32}},"39":{"start":{"line":75,"column":20},"end":{"line":75,"column":36}},"40":{"start":{"line":76,"column":8},"end":{"line":76,"column":70}},"41":{"start":{"line":79,"column":6},"end":{"line":79,"column":23}},"42":{"start":{"line":80,"column":6},"end":{"line":80,"column":58}},"43":{"start":{"line":84,"column":2},"end":{"line":146,"column":4}},"44":{"start":{"line":91,"column":49},"end":{"line":91,"column":73}},"45":{"start":{"line":93,"column":14},"end":{"line":95,"column":23}},"46":{"start":{"line":107,"column":29},"end":{"line":107,"column":52}},"47":{"start":{"line":116,"column":25},"end":{"line":116,"column":50}}},"fnMap":{"0":{"name":"BudgetForm","decl":{"start":{"line":3,"column":9},"end":{"line":3,"column":19}},"loc":{"start":{"line":3,"column":32},"end":{"line":147,"column":1}},"line":3},"1":{"name":"(anonymous_1)","decl":{"start":{"line":12,"column":12},"end":{"line":12,"column":13}},"loc":{"start":{"line":12,"column":18},"end":{"line":16,"column":3}},"line":12},"2":{"name":"(anonymous_2)","decl":{"start":{"line":18,"column":26},"end":{"line":18,"column":27}},"loc":{"start":{"line":18,"column":38},"end":{"line":39,"column":3}},"line":18},"3":{"name":"(anonymous_3)","decl":{"start":{"line":41,"column":23},"end":{"line":41,"column":24}},"loc":{"start":{"line":41,"column":35},"end":{"line":82,"column":3}},"line":41},"4":{"name":"(anonymous_4)","decl":{"start":{"line":91,"column":42},"end":{"line":91,"column":43}},"loc":{"start":{"line":91,"column":49},"end":{"line":91,"column":73}},"line":91},"5":{"name":"(anonymous_5)","decl":{"start":{"line":92,"column":57},"end":{"line":92,"column":58}},"loc":{"start":{"line":93,"column":14},"end":{"line":95,"column":23}},"line":93},"6":{"name":"(anonymous_6)","decl":{"start":{"line":107,"column":22},"end":{"line":107,"column":23}},"loc":{"start":{"line":107,"column":29},"end":{"line":107,"column":52}},"line":107},"7":{"name":"(anonymous_7)","decl":{"start":{"line":116,"column":18},"end":{"line":116,"column":19}},"loc":{"start":{"line":116,"column":25},"end":{"line":116,"column":50}},"line":116}},"branchMap":{"0":{"loc":{"start":{"line":13,"column":4},"end":{"line":15,"column":5}},"type":"if","locations":[{"start":{"line":13,"column":4},"end":{"line":15,"column":5}},{"start":{},"end":{}}],"line":13},"1":{"loc":{"start":{"line":25,"column":6},"end":{"line":32,"column":7}},"type":"if","locations":[{"start":{"line":25,"column":6},"end":{"line":32,"column":7}},{"start":{"line":28,"column":13},"end":{"line":32,"column":7}}],"line":25},"2":{"loc":{"start":{"line":31,"column":28},"end":{"line":31,"column":60}},"type":"binary-expr","locations":[{"start":{"line":31,"column":28},"end":{"line":31,"column":39}},{"start":{"line":31,"column":43},"end":{"line":31,"column":60}}],"line":31},"3":{"loc":{"start":{"line":44,"column":4},"end":{"line":47,"column":5}},"type":"if","locations":[{"start":{"line":44,"column":4},"end":{"line":47,"column":5}},{"start":{},"end":{}}],"line":44},"4":{"loc":{"start":{"line":49,"column":4},"end":{"line":52,"column":5}},"type":"if","locations":[{"start":{"line":49,"column":4},"end":{"line":52,"column":5}},{"start":{},"end":{}}],"line":49},"5":{"loc":{"start":{"line":49,"column":8},"end":{"line":49,"column":42}},"type":"binary-expr","locations":[{"start":{"line":49,"column":8},"end":{"line":49,"column":15}},{"start":{"line":49,"column":19},"end":{"line":49,"column":42}}],"line":49},"6":{"loc":{"start":{"line":68,"column":6},"end":{"line":77,"column":7}},"type":"if","locations":[{"start":{"line":68,"column":6},"end":{"line":77,"column":7}},{"start":{"line":74,"column":13},"end":{"line":77,"column":7}}],"line":68},"7":{"loc":{"start":{"line":76,"column":29},"end":{"line":76,"column":66}},"type":"binary-expr","locations":[{"start":{"line":76,"column":29},"end":{"line":76,"column":40}},{"start":{"line":76,"column":44},"end":{"line":76,"column":66}}],"line":76},"8":{"loc":{"start":{"line":123,"column":7},"end":{"line":123,"column":35}},"type":"binary-expr","locations":[{"start":{"line":123,"column":7},"end":{"line":123,"column":14}},{"start":{"line":123,"column":18},"end":{"line":123,"column":35}}],"line":123},"9":{"loc":{"start":{"line":125,"column":7},"end":{"line":144,"column":7}},"type":"binary-expr","locations":[{"start":{"line":125,"column":7},"end":{"line":125,"column":17}},{"start":{"line":126,"column":8},"end":{"line":143,"column":14}}],"line":125},"10":{"loc":{"start":{"line":129,"column":46},"end":{"line":129,"column":80}},"type":"binary-expr","locations":[{"start":{"line":129,"column":46},"end":{"line":129,"column":71}},{"start":{"line":129,"column":75},"end":{"line":129,"column":80}}],"line":129},"11":{"loc":{"start":{"line":132,"column":44},"end":{"line":132,"column":70}},"type":"binary-expr","locations":[{"start":{"line":132,"column":44},"end":{"line":132,"column":65}},{"start":{"line":132,"column":69},"end":{"line":132,"column":70}}],"line":132},"12":{"loc":{"start":{"line":135,"column":42},"end":{"line":135,"column":67}},"type":"binary-expr","locations":[{"start":{"line":135,"column":42},"end":{"line":135,"column":62}},{"start":{"line":135,"column":66},"end":{"line":135,"column":67}}],"line":135},"13":{"loc":{"start":{"line":138,"column":37},"end":{"line":138,"column":63}},"type":"binary-expr","locations":[{"start":{"line":138,"column":37},"end":{"line":138,"column":58}},{"start":{"line":138,"column":62},"end":{"line":138,"column":63}}],"line":138},"14":{"loc":{"start":{"line":140,"column":11},"end":{"line":142,"column":11}},"type":"binary-expr","locations":[{"start":{"line":140,"column":11},"end":{"line":140,"column":37}},{"start":{"line":141,"column":12},"end":{"line":141,"column":90}}],"line":140}},"s":{"0":26,"1":26,"2":26,"3":26,"4":26,"5":26,"6":26,"7":10,"8":9,"9":26,"10":9,"11":9,"12":9,"13":9,"14":9,"15":4,"16":4,"17":3,"18":3,"19":3,"20":2,"21":2,"22":9,"23":26,"24":0,"25":0,"26":0,"27":0,"28":0,"29":0,"30":0,"31":0,"32":0,"33":0,"34":0,"35":0,"36":0,"37":0,"38":0,"39":0,"40":0,"41":0,"42":0,"43":26,"44":0,"45":312,"46":0,"47":0},"f":{"0":26,"1":10,"2":9,"3":0,"4":0,"5":312,"6":0,"7":0},"b":{"0":[9,1],"1":[4,3],"2":[3,0],"3":[0,0],"4":[0,0],"5":[0,0],"6":[0,0],"7":[0,0],"8":[26,9],"9":[26,4],"10":[4,2],"11":[4,3],"12":[4,2],"13":[4,3],"14":[4,0]},"_coverageSchema":"1a1c01bbd47fc00a2c39e90264f33305004495a9","hash":"22948fd6830aeb8c848484a5339e3dd09e074574"}
,"C:\\Finance-Tracker\\frontend\\src\\components\\GetTransaction.jsx": {"path":"C:\\Finance-Tracker\\frontend\\src\\components\\GetTransaction.jsx","statementMap":{"0":{"start":{"line":4,"column":23},"end":{"line":62,"column":1}},"1":{"start":{"line":5,"column":42},"end":{"line":5,"column":54}},"2":{"start":{"line":6,"column":32},"end":{"line":6,"column":44}},"3":{"start":{"line":8,"column":2},"end":{"line":15,"column":9}},"4":{"start":{"line":9,"column":19},"end":{"line":9,"column":49}},"5":{"start":{"line":10,"column":4},"end":{"line":14,"column":5}},"6":{"start":{"line":11,"column":6},"end":{"line":11,"column":32}},"7":{"start":{"line":13,"column":6},"end":{"line":13,"column":64}},"8":{"start":{"line":18,"column":28},"end":{"line":35,"column":3}},"9":{"start":{"line":19,"column":4},"end":{"line":19,"column":19}},"10":{"start":{"line":20,"column":4},"end":{"line":34,"column":5}},"11":{"start":{"line":22,"column":18},"end":{"line":22,"column":77}},"12":{"start":{"line":24,"column":6},"end":{"line":30,"column":7}},"13":{"start":{"line":25,"column":21},"end":{"line":25,"column":37}},"14":{"start":{"line":26,"column":8},"end":{"line":26,"column":43}},"15":{"start":{"line":28,"column":20},"end":{"line":28,"column":36}},"16":{"start":{"line":29,"column":8},"end":{"line":29,"column":78}},"17":{"start":{"line":32,"column":6},"end":{"line":32,"column":23}},"18":{"start":{"line":33,"column":6},"end":{"line":33,"column":58}},"19":{"start":{"line":37,"column":2},"end":{"line":61,"column":4}},"20":{"start":{"line":50,"column":12},"end":{"line":56,"column":17}}},"fnMap":{"0":{"name":"(anonymous_0)","decl":{"start":{"line":4,"column":23},"end":{"line":4,"column":24}},"loc":{"start":{"line":4,"column":29},"end":{"line":62,"column":1}},"line":4},"1":{"name":"(anonymous_1)","decl":{"start":{"line":8,"column":12},"end":{"line":8,"column":13}},"loc":{"start":{"line":8,"column":18},"end":{"line":15,"column":3}},"line":8},"2":{"name":"(anonymous_2)","decl":{"start":{"line":18,"column":28},"end":{"line":18,"column":29}},"loc":{"start":{"line":18,"column":46},"end":{"line":35,"column":3}},"line":18},"3":{"name":"(anonymous_3)","decl":{"start":{"line":49,"column":28},"end":{"line":49,"column":29}},"loc":{"start":{"line":50,"column":12},"end":{"line":56,"column":17}},"line":50}},"branchMap":{"0":{"loc":{"start":{"line":10,"column":4},"end":{"line":14,"column":5}},"type":"if","locations":[{"start":{"line":10,"column":4},"end":{"line":14,"column":5}},{"start":{"line":12,"column":11},"end":{"line":14,"column":5}}],"line":10},"1":{"loc":{"start":{"line":24,"column":6},"end":{"line":30,"column":7}},"type":"if","locations":[{"start":{"line":24,"column":6},"end":{"line":30,"column":7}},{"start":{"line":27,"column":13},"end":{"line":30,"column":7}}],"line":24},"2":{"loc":{"start":{"line":29,"column":29},"end":{"line":29,"column":74}},"type":"binary-expr","locations":[{"start":{"line":29,"column":29},"end":{"line":29,"column":40}},{"start":{"line":29,"column":44},"end":{"line":29,"column":74}}],"line":29},"3":{"loc":{"start":{"line":42,"column":7},"end":{"line":42,"column":34}},"type":"binary-expr","locations":[{"start":{"line":42,"column":7},"end":{"line":42,"column":14}},{"start":{"line":42,"column":18},"end":{"line":42,"column":34}}],"line":42},"4":{"loc":{"start":{"line":45,"column":7},"end":{"line":59,"column":7}},"type":"cond-expr","locations":[{"start":{"line":46,"column":8},"end":{"line":46,"column":37}},{"start":{"line":48,"column":8},"end":{"line":58,"column":13}}],"line":45},"5":{"loc":{"start":{"line":55,"column":48},"end":{"line":55,"column":80}},"type":"binary-expr","locations":[{"start":{"line":55,"column":48},"end":{"line":55,"column":71}},{"start":{"line":55,"column":75},"end":{"line":55,"column":80}}],"line":55}},"s":{"0":0,"1":0,"2":0,"3":0,"4":0,"5":0,"6":0,"7":0,"8":0,"9":0,"10":0,"11":0,"12":0,"13":0,"14":0,"15":0,"16":0,"17":0,"18":0,"19":0,"20":0},"f":{"0":0,"1":0,"2":0,"3":0},"b":{"0":[0,0],"1":[0,0],"2":[0,0],"3":[0,0],"4":[0,0],"5":[0,0]}}
,"C:\\Finance-Tracker\\frontend\\src\\components\\Layout.jsx": {"path":"C:\\Finance-Tracker\\frontend\\src\\components\\Layout.jsx","statementMap":{"0":{"start":{"line":5,"column":19},"end":{"line":5,"column":32}},"1":{"start":{"line":7,"column":23},"end":{"line":15,"column":3}},"2":{"start":{"line":8,"column":4},"end":{"line":8,"column":38}},"3":{"start":{"line":9,"column":4},"end":{"line":9,"column":40}},"4":{"start":{"line":10,"column":4},"end":{"line":10,"column":41}},"5":{"start":{"line":11,"column":4},"end":{"line":13,"column":5}},"6":{"start":{"line":12,"column":6},"end":{"line":12,"column":17}},"7":{"start":{"line":14,"column":4},"end":{"line":14,"column":23}},"8":{"start":{"line":17,"column":2},"end":{"line":19,"column":3}},"9":{"start":{"line":18,"column":4},"end":{"line":18,"column":27}},"10":{"start":{"line":21,"column":2},"end":{"line":54,"column":4}}},"fnMap":{"0":{"name":"Layout","decl":{"start":{"line":4,"column":24},"end":{"line":4,"column":30}},"loc":{"start":{"line":4,"column":73},"end":{"line":55,"column":1}},"line":4},"1":{"name":"(anonymous_1)","decl":{"start":{"line":7,"column":23},"end":{"line":7,"column":24}},"loc":{"start":{"line":7,"column":29},"end":{"line":15,"column":3}},"line":7}},"branchMap":{"0":{"loc":{"start":{"line":11,"column":4},"end":{"line":13,"column":5}},"type":"if","locations":[{"start":{"line":11,"column":4},"end":{"line":13,"column":5}},{"start":{},"end":{}}],"line":11},"1":{"loc":{"start":{"line":17,"column":2},"end":{"line":19,"column":3}},"type":"if","locations":[{"start":{"line":17,"column":2},"end":{"line":19,"column":3}},{"start":{},"end":{}}],"line":17}},"s":{"0":0,"1":0,"2":0,"3":0,"4":0,"5":0,"6":0,"7":0,"8":0,"9":0,"10":0},"f":{"0":0,"1":0},"b":{"0":[0,0],"1":[0,0]}}
,"C:\\Finance-Tracker\\frontend\\src\\components\\Login.jsx": {"path":"C:\\Finance-Tracker\\frontend\\src\\components\\Login.jsx","statementMap":{"0":{"start":{"line":5,"column":28},"end":{"line":5,"column":40}},"1":{"start":{"line":6,"column":34},"end":{"line":6,"column":46}},"2":{"start":{"line":7,"column":32},"end":{"line":7,"column":44}},"3":{"start":{"line":10,"column":22},"end":{"line":38,"column":3}},"4":{"start":{"line":12,"column":21},"end":{"line":18,"column":6}},"5":{"start":{"line":21,"column":4},"end":{"line":37,"column":5}},"6":{"start":{"line":23,"column":19},"end":{"line":23,"column":40}},"7":{"start":{"line":24,"column":6},"end":{"line":24,"column":53}},"8":{"start":{"line":26,"column":6},"end":{"line":32,"column":7}},"9":{"start":{"line":27,"column":8},"end":{"line":31,"column":9}},"10":{"start":{"line":28,"column":10},"end":{"line":28,"column":44}},"11":{"start":{"line":28,"column":23},"end":{"line":28,"column":44}},"12":{"start":{"line":30,"column":10},"end":{"line":30,"column":55}},"13":{"start":{"line":35,"column":19},"end":{"line":35,"column":40}},"14":{"start":{"line":36,"column":6},"end":{"line":36,"column":43}},"15":{"start":{"line":40,"column":2},"end":{"line":62,"column":4}},"16":{"start":{"line":48,"column":25},"end":{"line":48,"column":49}},"17":{"start":{"line":55,"column":25},"end":{"line":55,"column":52}}},"fnMap":{"0":{"name":"Login","decl":{"start":{"line":3,"column":9},"end":{"line":3,"column":14}},"loc":{"start":{"line":3,"column":28},"end":{"line":63,"column":1}},"line":3},"1":{"name":"(anonymous_1)","decl":{"start":{"line":10,"column":22},"end":{"line":10,"column":23}},"loc":{"start":{"line":10,"column":34},"end":{"line":38,"column":3}},"line":10},"2":{"name":"(anonymous_2)","decl":{"start":{"line":48,"column":18},"end":{"line":48,"column":19}},"loc":{"start":{"line":48,"column":25},"end":{"line":48,"column":49}},"line":48},"3":{"name":"(anonymous_3)","decl":{"start":{"line":55,"column":18},"end":{"line":55,"column":19}},"loc":{"start":{"line":55,"column":25},"end":{"line":55,"column":52}},"line":55}},"branchMap":{"0":{"loc":{"start":{"line":21,"column":4},"end":{"line":37,"column":5}},"type":"if","locations":[{"start":{"line":21,"column":4},"end":{"line":37,"column":5}},{"start":{"line":33,"column":11},"end":{"line":37,"column":5}}],"line":21},"1":{"loc":{"start":{"line":26,"column":6},"end":{"line":32,"column":7}},"type":"if","locations":[{"start":{"line":26,"column":6},"end":{"line":32,"column":7}},{"start":{},"end":{}}],"line":26},"2":{"loc":{"start":{"line":28,"column":10},"end":{"line":28,"column":44}},"type":"if","locations":[{"start":{"line":28,"column":10},"end":{"line":28,"column":44}},{"start":{},"end":{}}],"line":28}},"s":{"0":177,"1":177,"2":177,"3":177,"4":5,"5":5,"6":4,"7":4,"8":4,"9":3,"10":3,"11":2,"12":0,"13":1,"14":1,"15":177,"16":96,"17":68},"f":{"0":177,"1":5,"2":96,"3":68},"b":{"0":[4,1],"1":[3,1],"2":[2,1]},"_coverageSchema":"1a1c01bbd47fc00a2c39e90264f33305004495a9","hash":"65efcfaef253c609f98f8731ae2351860c293f55"}
,"C:\\Finance-Tracker\\frontend\\src\\components\\Register.jsx": {"path":"C:\\Finance-Tracker\\frontend\\src\\components\\Register.jsx","statementMap":{"0":{"start":{"line":5,"column":26},"end":{"line":5,"column":38}},"1":{"start":{"line":6,"column":28},"end":{"line":6,"column":40}},"2":{"start":{"line":7,"column":34},"end":{"line":7,"column":46}},"3":{"start":{"line":8,"column":32},"end":{"line":8,"column":44}},"4":{"start":{"line":11,"column":25},"end":{"line":33,"column":1}},"5":{"start":{"line":12,"column":2},"end":{"line":12,"column":32}},"6":{"start":{"line":15,"column":2},"end":{"line":15,"column":41}},"7":{"start":{"line":17,"column":19},"end":{"line":21,"column":4}},"8":{"start":{"line":23,"column":2},"end":{"line":23,"column":24}},"9":{"start":{"line":25,"column":2},"end":{"line":32,"column":3}},"10":{"start":{"line":26,"column":4},"end":{"line":26,"column":62}},"11":{"start":{"line":27,"column":4},"end":{"line":27,"column":37}},"12":{"start":{"line":27,"column":22},"end":{"line":27,"column":37}},"13":{"start":{"line":29,"column":17},"end":{"line":29,"column":38}},"14":{"start":{"line":30,"column":4},"end":{"line":30,"column":41}},"15":{"start":{"line":31,"column":4},"end":{"line":31,"column":41}},"16":{"start":{"line":36,"column":2},"end":{"line":60,"column":4}},"17":{"start":{"line":43,"column":25},"end":{"line":43,"column":48}},"18":{"start":{"line":49,"column":25},"end":{"line":49,"column":49}},"19":{"start":{"line":55,"column":25},"end":{"line":55,"column":52}}},"fnMap":{"0":{"name":"Register","decl":{"start":{"line":3,"column":9},"end":{"line":3,"column":17}},"loc":{"start":{"line":3,"column":36},"end":{"line":61,"column":1}},"line":3},"1":{"name":"(anonymous_1)","decl":{"start":{"line":11,"column":25},"end":{"line":11,"column":26}},"loc":{"start":{"line":11,"column":37},"end":{"line":33,"column":1}},"line":11},"2":{"name":"(anonymous_2)","decl":{"start":{"line":43,"column":18},"end":{"line":43,"column":19}},"loc":{"start":{"line":43,"column":25},"end":{"line":43,"column":48}},"line":43},"3":{"name":"(anonymous_3)","decl":{"start":{"line":49,"column":18},"end":{"line":49,"column":19}},"loc":{"start":{"line":49,"column":25},"end":{"line":49,"column":49}},"line":49},"4":{"name":"(anonymous_4)","decl":{"start":{"line":55,"column":18},"end":{"line":55,"column":19}},"loc":{"start":{"line":55,"column":25},"end":{"line":55,"column":52}},"line":55}},"branchMap":{"0":{"loc":{"start":{"line":25,"column":2},"end":{"line":32,"column":3}},"type":"if","locations":[{"start":{"line":25,"column":2},"end":{"line":32,"column":3}},{"start":{"line":28,"column":9},"end":{"line":32,"column":3}}],"line":25},"1":{"loc":{"start":{"line":27,"column":4},"end":{"line":27,"column":37}},"type":"if","locations":[{"start":{"line":27,"column":4},"end":{"line":27,"column":37}},{"start":{},"end":{}}],"line":27}},"s":{"0":238,"1":238,"2":238,"3":238,"4":238,"5":5,"6":5,"7":5,"8":5,"9":5,"10":3,"11":3,"12":1,"13":2,"14":2,"15":2,"16":238,"17":54,"18":104,"19":66},"f":{"0":238,"1":5,"2":54,"3":104,"4":66},"b":{"0":[3,2],"1":[1,2]},"_coverageSchema":"1a1c01bbd47fc00a2c39e90264f33305004495a9","hash":"d30003327a3fd254434cbf2ddcb82850da0b4e0e"}
,"C:\\Finance-Tracker\\frontend\\src\\components\\ToastContainer.jsx": {"path":"C:\\Finance-Tracker\\frontend\\src\\components\\ToastContainer.jsx","statementMap":{"0":{"start":{"line":7,"column":2},"end":{"line":30,"column":9}},"1":{"start":{"line":9,"column":24},"end":{"line":26,"column":6}},"2":{"start":{"line":10,"column":6},"end":{"line":25,"column":7}},"3":{"start":{"line":12,"column":10},"end":{"line":12,"column":33}},"4":{"start":{"line":13,"column":10},"end":{"line":13,"column":16}},"5":{"start":{"line":15,"column":10},"end":{"line":15,"column":31}},"6":{"start":{"line":16,"column":10},"end":{"line":16,"column":16}},"7":{"start":{"line":18,"column":10},"end":{"line":18,"column":30}},"8":{"start":{"line":19,"column":10},"end":{"line":19,"column":16}},"9":{"start":{"line":21,"column":10},"end":{"line":21,"column":33}},"10":{"start":{"line":22,"column":10},"end":{"line":22,"column":16}},"11":{"start":{"line":24,"column":10},"end":{"line":24,"column":25}},"12":{"start":{"line":29,"column":4},"end":{"line":29,"column":23}},"13":{"start":{"line":32,"column":2},"end":{"line":45,"column":4}}},"fnMap":{"0":{"name":"ToastContainer","decl":{"start":{"line":6,"column":24},"end":{"line":6,"column":38}},"loc":{"start":{"line":6,"column":41},"end":{"line":46,"column":1}},"line":6},"1":{"name":"(anonymous_1)","decl":{"start":{"line":7,"column":12},"end":{"line":7,"column":13}},"loc":{"start":{"line":7,"column":18},"end":{"line":30,"column":3}},"line":7},"2":{"name":"(anonymous_2)","decl":{"start":{"line":9,"column":54},"end":{"line":9,"column":55}},"loc":{"start":{"line":9,"column":73},"end":{"line":26,"column":5}},"line":9}},"branchMap":{"0":{"loc":{"start":{"line":10,"column":6},"end":{"line":25,"column":7}},"type":"switch","locations":[{"start":{"line":11,"column":8},"end":{"line":13,"column":16}},{"start":{"line":14,"column":8},"end":{"line":16,"column":16}},{"start":{"line":17,"column":8},"end":{"line":19,"column":16}},{"start":{"line":20,"column":8},"end":{"line":22,"column":16}},{"start":{"line":23,"column":8},"end":{"line":24,"column":25}}],"line":10}},"s":{"0":0,"1":0,"2":0,"3":0,"4":0,"5":0,"6":0,"7":0,"8":0,"9":0,"10":0,"11":0,"12":0,"13":0},"f":{"0":0,"1":0,"2":0},"b":{"0":[0,0,0,0,0]}}
,"C:\\Finance-Tracker\\frontend\\src\\pages\\AddTransaction.jsx": {"path":"C:\\Finance-Tracker\\frontend\\src\\pages\\AddTransaction.jsx","statementMap":{"0":{"start":{"line":8,"column":27},"end":{"line":18,"column":1}},"1":{"start":{"line":21,"column":19},"end":{"line":21,"column":32}},"2":{"start":{"line":22,"column":17},"end":{"line":22,"column":47}},"3":{"start":{"line":25,"column":26},"end":{"line":25,"column":45}},"4":{"start":{"line":26,"column":30},"end":{"line":26,"column":42}},"5":{"start":{"line":27,"column":34},"end":{"line":27,"column":46}},"6":{"start":{"line":28,"column":26},"end":{"line":28,"column":74}},"7":{"start":{"line":29,"column":40},"end":{"line":29,"column":52}},"8":{"start":{"line":30,"column":32},"end":{"line":30,"column":47}},"9":{"start":{"line":31,"column":30},"end":{"line":31,"column":42}},"10":{"start":{"line":34,"column":2},"end":{"line":38,"column":25}},"11":{"start":{"line":35,"column":4},"end":{"line":37,"column":5}},"12":{"start":{"line":36,"column":6},"end":{"line":36,"column":25}},"13":{"start":{"line":41,"column":2},"end":{"line":47,"column":13}},"14":{"start":{"line":42,"column":4},"end":{"line":46,"column":5}},"15":{"start":{"line":43,"column":6},"end":{"line":43,"column":32}},"16":{"start":{"line":45,"column":6},"end":{"line":45,"column":22}},"17":{"start":{"line":50,"column":23},"end":{"line":71,"column":3}},"18":{"start":{"line":51,"column":22},"end":{"line":51,"column":24}},"19":{"start":{"line":54,"column":22},"end":{"line":54,"column":40}},"20":{"start":{"line":55,"column":4},"end":{"line":57,"column":5}},"21":{"start":{"line":56,"column":6},"end":{"line":56,"column":70}},"22":{"start":{"line":60,"column":4},"end":{"line":62,"column":5}},"23":{"start":{"line":61,"column":6},"end":{"line":61,"column":54}},"24":{"start":{"line":65,"column":4},"end":{"line":67,"column":5}},"25":{"start":{"line":66,"column":6},"end":{"line":66,"column":46}},"26":{"start":{"line":69,"column":4},"end":{"line":69,"column":25}},"27":{"start":{"line":70,"column":4},"end":{"line":70,"column":47}},"28":{"start":{"line":74,"column":23},"end":{"line":149,"column":3}},"29":{"start":{"line":75,"column":4},"end":{"line":75,"column":23}},"30":{"start":{"line":78,"column":4},"end":{"line":81,"column":5}},"31":{"start":{"line":79,"column":6},"end":{"line":79,"column":69}},"32":{"start":{"line":80,"column":6},"end":{"line":80,"column":13}},"33":{"start":{"line":83,"column":4},"end":{"line":87,"column":5}},"34":{"start":{"line":84,"column":6},"end":{"line":84,"column":57}},"35":{"start":{"line":85,"column":6},"end":{"line":85,"column":25}},"36":{"start":{"line":86,"column":6},"end":{"line":86,"column":13}},"37":{"start":{"line":89,"column":4},"end":{"line":89,"column":21}},"38":{"start":{"line":90,"column":4},"end":{"line":90,"column":18}},"39":{"start":{"line":92,"column":4},"end":{"line":148,"column":5}},"40":{"start":{"line":94,"column":25},"end":{"line":94,"column":29}},"41":{"start":{"line":97,"column":30},"end":{"line":104,"column":7}},"42":{"start":{"line":106,"column":6},"end":{"line":106,"column":48}},"43":{"start":{"line":107,"column":6},"end":{"line":107,"column":44}},"44":{"start":{"line":110,"column":21},"end":{"line":110,"column":74}},"45":{"start":{"line":112,"column":6},"end":{"line":112,"column":49}},"46":{"start":{"line":113,"column":6},"end":{"line":113,"column":37}},"47":{"start":{"line":116,"column":6},"end":{"line":116,"column":69}},"48":{"start":{"line":119,"column":6},"end":{"line":119,"column":20}},"49":{"start":{"line":120,"column":6},"end":{"line":120,"column":25}},"50":{"start":{"line":121,"column":6},"end":{"line":121,"column":54}},"51":{"start":{"line":122,"column":6},"end":{"line":124,"column":7}},"52":{"start":{"line":123,"column":8},"end":{"line":123,"column":24}},"53":{"start":{"line":127,"column":6},"end":{"line":133,"column":15}},"54":{"start":{"line":128,"column":8},"end":{"line":132,"column":9}},"55":{"start":{"line":129,"column":10},"end":{"line":129,"column":33}},"56":{"start":{"line":131,"column":10},"end":{"line":131,"column":36}},"57":{"start":{"line":136,"column":6},"end":{"line":136,"column":49}},"58":{"start":{"line":137,"column":6},"end":{"line":137,"column":37}},"59":{"start":{"line":139,"column":25},"end":{"line":139,"column":71}},"60":{"start":{"line":140,"column":6},"end":{"line":142,"column":7}},"61":{"start":{"line":141,"column":8},"end":{"line":141,"column":37}},"62":{"start":{"line":144,"column":6},"end":{"line":144,"column":46}},"63":{"start":{"line":145,"column":6},"end":{"line":145,"column":43}},"64":{"start":{"line":147,"column":6},"end":{"line":147,"column":24}},"65":{"start":{"line":151,"column":2},"end":{"line":153,"column":3}},"66":{"start":{"line":152,"column":4},"end":{"line":152,"column":16}},"67":{"start":{"line":155,"column":2},"end":{"line":288,"column":4}},"68":{"start":{"line":183,"column":33},"end":{"line":183,"column":56}},"69":{"start":{"line":201,"column":33},"end":{"line":201,"column":58}},"70":{"start":{"line":230,"column":35},"end":{"line":230,"column":62}},"71":{"start":{"line":235,"column":20},"end":{"line":235,"column":64}},"72":{"start":{"line":251,"column":33},"end":{"line":251,"column":56}},"73":{"start":{"line":269,"column":35},"end":{"line":269,"column":65}}},"fnMap":{"0":{"name":"AddTransaction","decl":{"start":{"line":20,"column":24},"end":{"line":20,"column":38}},"loc":{"start":{"line":20,"column":41},"end":{"line":289,"column":1}},"line":20},"1":{"name":"(anonymous_1)","decl":{"start":{"line":34,"column":12},"end":{"line":34,"column":13}},"loc":{"start":{"line":34,"column":18},"end":{"line":38,"column":3}},"line":34},"2":{"name":"(anonymous_2)","decl":{"start":{"line":41,"column":12},"end":{"line":41,"column":13}},"loc":{"start":{"line":41,"column":18},"end":{"line":47,"column":3}},"line":41},"3":{"name":"(anonymous_3)","decl":{"start":{"line":50,"column":23},"end":{"line":50,"column":24}},"loc":{"start":{"line":50,"column":29},"end":{"line":71,"column":3}},"line":50},"4":{"name":"(anonymous_4)","decl":{"start":{"line":74,"column":23},"end":{"line":74,"column":24}},"loc":{"start":{"line":74,"column":36},"end":{"line":149,"column":3}},"line":74},"5":{"name":"(anonymous_5)","decl":{"start":{"line":127,"column":17},"end":{"line":127,"column":18}},"loc":{"start":{"line":127,"column":23},"end":{"line":133,"column":7}},"line":127},"6":{"name":"(anonymous_6)","decl":{"start":{"line":183,"column":26},"end":{"line":183,"column":27}},"loc":{"start":{"line":183,"column":33},"end":{"line":183,"column":56}},"line":183},"7":{"name":"(anonymous_7)","decl":{"start":{"line":201,"column":26},"end":{"line":201,"column":27}},"loc":{"start":{"line":201,"column":33},"end":{"line":201,"column":58}},"line":201},"8":{"name":"(anonymous_8)","decl":{"start":{"line":230,"column":28},"end":{"line":230,"column":29}},"loc":{"start":{"line":230,"column":35},"end":{"line":230,"column":62}},"line":230},"9":{"name":"(anonymous_9)","decl":{"start":{"line":234,"column":42},"end":{"line":234,"column":43}},"loc":{"start":{"line":235,"column":20},"end":{"line":235,"column":64}},"line":235},"10":{"name":"(anonymous_10)","decl":{"start":{"line":251,"column":26},"end":{"line":251,"column":27}},"loc":{"start":{"line":251,"column":33},"end":{"line":251,"column":56}},"line":251},"11":{"name":"(anonymous_11)","decl":{"start":{"line":269,"column":28},"end":{"line":269,"column":29}},"loc":{"start":{"line":269,"column":35},"end":{"line":269,"column":65}},"line":269}},"branchMap":{"0":{"loc":{"start":{"line":35,"column":4},"end":{"line":37,"column":5}},"type":"if","locations":[{"start":{"line":35,"column":4},"end":{"line":37,"column":5}},{"start":{},"end":{}}],"line":35},"1":{"loc":{"start":{"line":42,"column":4},"end":{"line":46,"column":5}},"type":"if","locations":[{"start":{"line":42,"column":4},"end":{"line":46,"column":5}},{"start":{"line":44,"column":11},"end":{"line":46,"column":5}}],"line":42},"2":{"loc":{"start":{"line":55,"column":4},"end":{"line":57,"column":5}},"type":"if","locations":[{"start":{"line":55,"column":4},"end":{"line":57,"column":5}},{"start":{},"end":{}}],"line":55},"3":{"loc":{"start":{"line":55,"column":8},"end":{"line":55,"column":53}},"type":"binary-expr","locations":[{"start":{"line":55,"column":8},"end":{"line":55,"column":15}},{"start":{"line":55,"column":19},"end":{"line":55,"column":35}},{"start":{"line":55,"column":39},"end":{"line":55,"column":53}}],"line":55},"4":{"loc":{"start":{"line":60,"column":4},"end":{"line":62,"column":5}},"type":"if","locations":[{"start":{"line":60,"column":4},"end":{"line":62,"column":5}},{"start":{},"end":{}}],"line":60},"5":{"loc":{"start":{"line":60,"column":8},"end":{"line":60,"column":39}},"type":"binary-expr","locations":[{"start":{"line":60,"column":8},"end":{"line":60,"column":26}},{"start":{"line":60,"column":30},"end":{"line":60,"column":39}}],"line":60},"6":{"loc":{"start":{"line":65,"column":4},"end":{"line":67,"column":5}},"type":"if","locations":[{"start":{"line":65,"column":4},"end":{"line":67,"column":5}},{"start":{},"end":{}}],"line":65},"7":{"loc":{"start":{"line":78,"column":4},"end":{"line":81,"column":5}},"type":"if","locations":[{"start":{"line":78,"column":4},"end":{"line":81,"column":5}},{"start":{},"end":{}}],"line":78},"8":{"loc":{"start":{"line":83,"column":4},"end":{"line":87,"column":5}},"type":"if","locations":[{"start":{"line":83,"column":4},"end":{"line":87,"column":5}},{"start":{},"end":{}}],"line":83},"9":{"loc":{"start":{"line":101,"column":18},"end":{"line":101,"column":61}},"type":"cond-expr","locations":[{"start":{"line":101,"column":38},"end":{"line":101,"column":50}},{"start":{"line":101,"column":53},"end":{"line":101,"column":61}}],"line":101},"10":{"loc":{"start":{"line":103,"column":21},"end":{"line":103,"column":87}},"type":"cond-expr","locations":[{"start":{"line":103,"column":43},"end":{"line":103,"column":74}},{"start":{"line":103,"column":78},"end":{"line":103,"column":87}}],"line":103},"11":{"loc":{"start":{"line":103,"column":43},"end":{"line":103,"column":74}},"type":"binary-expr","locations":[{"start":{"line":103,"column":43},"end":{"line":103,"column":61}},{"start":{"line":103,"column":65},"end":{"line":103,"column":74}}],"line":103},"12":{"loc":{"start":{"line":122,"column":6},"end":{"line":124,"column":7}},"type":"if","locations":[{"start":{"line":122,"column":6},"end":{"line":124,"column":7}},{"start":{},"end":{}}],"line":122},"13":{"loc":{"start":{"line":128,"column":8},"end":{"line":132,"column":9}},"type":"if","locations":[{"start":{"line":128,"column":8},"end":{"line":132,"column":9}},{"start":{"line":130,"column":15},"end":{"line":132,"column":9}}],"line":128},"14":{"loc":{"start":{"line":140,"column":6},"end":{"line":142,"column":7}},"type":"if","locations":[{"start":{"line":140,"column":6},"end":{"line":142,"column":7}},{"start":{},"end":{}}],"line":140},"15":{"loc":{"start":{"line":151,"column":2},"end":{"line":153,"column":3}},"type":"if","locations":[{"start":{"line":151,"column":2},"end":{"line":153,"column":3}},{"start":{},"end":{}}],"line":151},"16":{"loc":{"start":{"line":164,"column":11},"end":{"line":174,"column":11}},"type":"binary-expr","locations":[{"start":{"line":164,"column":11},"end":{"line":164,"column":25}},{"start":{"line":165,"column":12},"end":{"line":173,"column":18}}],"line":164},"17":{"loc":{"start":{"line":198,"column":36},"end":{"line":198,"column":70}},"type":"cond-expr","locations":[{"start":{"line":198,"column":52},"end":{"line":198,"column":65}},{"start":{"line":198,"column":68},"end":{"line":198,"column":70}}],"line":198},"18":{"loc":{"start":{"line":204,"column":15},"end":{"line":206,"column":15}},"type":"binary-expr","locations":[{"start":{"line":204,"column":15},"end":{"line":204,"column":28}},{"start":{"line":205,"column":16},"end":{"line":205,"column":68}}],"line":204},"19":{"loc":{"start":{"line":210,"column":13},"end":{"line":242,"column":13}},"type":"cond-expr","locations":[{"start":{"line":211,"column":14},"end":{"line":223,"column":20}},{"start":{"line":225,"column":14},"end":{"line":241,"column":20}}],"line":210},"20":{"loc":{"start":{"line":228,"column":38},"end":{"line":228,"column":74}},"type":"cond-expr","locations":[{"start":{"line":228,"column":56},"end":{"line":228,"column":69}},{"start":{"line":228,"column":72},"end":{"line":228,"column":74}}],"line":228},"21":{"loc":{"start":{"line":238,"column":17},"end":{"line":240,"column":17}},"type":"binary-expr","locations":[{"start":{"line":238,"column":17},"end":{"line":238,"column":32}},{"start":{"line":239,"column":18},"end":{"line":239,"column":72}}],"line":238},"22":{"loc":{"start":{"line":249,"column":36},"end":{"line":249,"column":68}},"type":"cond-expr","locations":[{"start":{"line":249,"column":50},"end":{"line":249,"column":63}},{"start":{"line":249,"column":66},"end":{"line":249,"column":68}}],"line":249},"23":{"loc":{"start":{"line":255,"column":15},"end":{"line":257,"column":15}},"type":"binary-expr","locations":[{"start":{"line":255,"column":15},"end":{"line":255,"column":26}},{"start":{"line":256,"column":16},"end":{"line":256,"column":66}}],"line":255},"24":{"loc":{"start":{"line":261,"column":13},"end":{"line":273,"column":13}},"type":"binary-expr","locations":[{"start":{"line":261,"column":13},"end":{"line":261,"column":31}},{"start":{"line":262,"column":14},"end":{"line":272,"column":20}}],"line":261},"25":{"loc":{"start":{"line":282,"column":15},"end":{"line":282,"column":68}},"type":"cond-expr","locations":[{"start":{"line":282,"column":25},"end":{"line":282,"column":48}},{"start":{"line":282,"column":51},"end":{"line":282,"column":68}}],"line":282}},"s":{"0":0,"1":0,"2":0,"3":0,"4":0,"5":0,"6":0,"7":0,"8":0,"9":0,"10":0,"11":0,"12":0,"13":0,"14":0,"15":0,"16":0,"17":0,"18":0,"19":0,"20":0,"21":0,"22":0,"23":0,"24":0,"25":0,"26":0,"27":0,"28":0,"29":0,"30":0,"31":0,"32":0,"33":0,"34":0,"35":0,"36":0,"37":0,"38":0,"39":0,"40":0,"41":0,"42":0,"43":0,"44":0,"45":0,"46":0,"47":0,"48":0,"49":0,"50":0,"51":0,"52":0,"53":0,"54":0,"55":0,"56":0,"57":0,"58":0,"59":0,"60":0,"61":0,"62":0,"63":0,"64":0,"65":0,"66":0,"67":0,"68":0,"69":0,"70":0,"71":0,"72":0,"73":0},"f":{"0":0,"1":0,"2":0,"3":0,"4":0,"5":0,"6":0,"7":0,"8":0,"9":0,"10":0,"11":0},"b":{"0":[0,0],"1":[0,0],"2":[0,0],"3":[0,0,0],"4":[0,0],"5":[0,0],"6":[0,0],"7":[0,0],"8":[0,0],"9":[0,0],"10":[0,0],"11":[0,0],"12":[0,0],"13":[0,0],"14":[0,0],"15":[0,0],"16":[0,0],"17":[0,0],"18":[0,0],"19":[0,0],"20":[0,0],"21":[0,0],"22":[0,0],"23":[0,0],"24":[0,0],"25":[0,0]}}
,"C:\\Finance-Tracker\\frontend\\src\\pages\\BudgetView.jsx": {"path":"C:\\Finance-Tracker\\frontend\\src\\pages\\BudgetView.jsx","statementMap":{"0":{"start":{"line":10,"column":38},"end":{"line":10,"column":52}},"1":{"start":{"line":11,"column":50},"end":{"line":11,"column":62}},"2":{"start":{"line":12,"column":32},"end":{"line":12,"column":46}},"3":{"start":{"line":13,"column":28},"end":{"line":13,"column":63}},"4":{"start":{"line":14,"column":26},"end":{"line":14,"column":60}},"5":{"start":{"line":15,"column":19},"end":{"line":15,"column":32}},"6":{"start":{"line":16,"column":17},"end":{"line":16,"column":47}},"7":{"start":{"line":18,"column":2},"end":{"line":24,"column":38}},"8":{"start":{"line":19,"column":4},"end":{"line":22,"column":5}},"9":{"start":{"line":20,"column":6},"end":{"line":20,"column":25}},"10":{"start":{"line":21,"column":6},"end":{"line":21,"column":13}},"11":{"start":{"line":23,"column":4},"end":{"line":23,"column":22}},"12":{"start":{"line":26,"column":26},"end":{"line":69,"column":3}},"13":{"start":{"line":27,"column":4},"end":{"line":27,"column":24}},"14":{"start":{"line":27,"column":17},"end":{"line":27,"column":24}},"15":{"start":{"line":29,"column":4},"end":{"line":29,"column":21}},"16":{"start":{"line":30,"column":4},"end":{"line":68,"column":5}},"17":{"start":{"line":31,"column":19},"end":{"line":31,"column":74}},"18":{"start":{"line":33,"column":6},"end":{"line":63,"column":7}},"19":{"start":{"line":34,"column":8},"end":{"line":34,"column":28}},"20":{"start":{"line":35,"column":8},"end":{"line":35,"column":70}},"21":{"start":{"line":37,"column":8},"end":{"line":37,"column":28}},"22":{"start":{"line":40,"column":33},"end":{"line":40,"column":90}},"23":{"start":{"line":41,"column":34},"end":{"line":46,"column":10}},"24":{"start":{"line":42,"column":24},"end":{"line":42,"column":40}},"25":{"start":{"line":43,"column":10},"end":{"line":45,"column":38}},"26":{"start":{"line":49,"column":28},"end":{"line":49,"column":30}},"27":{"start":{"line":50,"column":8},"end":{"line":55,"column":11}},"28":{"start":{"line":51,"column":10},"end":{"line":53,"column":11}},"29":{"start":{"line":52,"column":12},"end":{"line":52,"column":40}},"30":{"start":{"line":54,"column":10},"end":{"line":54,"column":46}},"31":{"start":{"line":57,"column":30},"end":{"line":60,"column":11}},"32":{"start":{"line":57,"column":82},"end":{"line":60,"column":9}},"33":{"start":{"line":62,"column":8},"end":{"line":62,"column":43}},"34":{"start":{"line":65,"column":6},"end":{"line":65,"column":62}},"35":{"start":{"line":67,"column":6},"end":{"line":67,"column":24}},"36":{"start":{"line":71,"column":2},"end":{"line":71,"column":27}},"37":{"start":{"line":71,"column":15},"end":{"line":71,"column":27}},"38":{"start":{"line":73,"column":2},"end":{"line":81,"column":3}},"39":{"start":{"line":74,"column":4},"end":{"line":80,"column":6}},"40":{"start":{"line":83,"column":17},"end":{"line":83,"column":94}},"41":{"start":{"line":85,"column":2},"end":{"line":268,"column":4}},"42":{"start":{"line":99,"column":31},"end":{"line":99,"column":65}},"43":{"start":{"line":102,"column":16},"end":{"line":104,"column":25}},"44":{"start":{"line":114,"column":31},"end":{"line":114,"column":64}},"45":{"start":{"line":205,"column":50},"end":{"line":205,"column":91}},"46":{"start":{"line":213,"column":49},"end":{"line":213,"column":71}},"47":{"start":{"line":226,"column":51},"end":{"line":226,"column":73}},"48":{"start":{"line":244,"column":52},"end":{"line":244,"column":93}},"49":{"start":{"line":250,"column":24},"end":{"line":250,"column":91}},"50":{"start":{"line":253,"column":51},"end":{"line":253,"column":73}}},"fnMap":{"0":{"name":"BudgetView","decl":{"start":{"line":9,"column":24},"end":{"line":9,"column":34}},"loc":{"start":{"line":9,"column":37},"end":{"line":269,"column":1}},"line":9},"1":{"name":"(anonymous_1)","decl":{"start":{"line":18,"column":12},"end":{"line":18,"column":13}},"loc":{"start":{"line":18,"column":18},"end":{"line":24,"column":3}},"line":18},"2":{"name":"(anonymous_2)","decl":{"start":{"line":26,"column":26},"end":{"line":26,"column":27}},"loc":{"start":{"line":26,"column":38},"end":{"line":69,"column":3}},"line":26},"3":{"name":"(anonymous_3)","decl":{"start":{"line":41,"column":71},"end":{"line":41,"column":72}},"loc":{"start":{"line":41,"column":76},"end":{"line":46,"column":9}},"line":41},"4":{"name":"(anonymous_4)","decl":{"start":{"line":50,"column":34},"end":{"line":50,"column":35}},"loc":{"start":{"line":50,"column":39},"end":{"line":55,"column":9}},"line":50},"5":{"name":"(anonymous_5)","decl":{"start":{"line":57,"column":62},"end":{"line":57,"column":63}},"loc":{"start":{"line":57,"column":82},"end":{"line":60,"column":9}},"line":57},"6":{"name":"(anonymous_6)","decl":{"start":{"line":99,"column":24},"end":{"line":99,"column":25}},"loc":{"start":{"line":99,"column":31},"end":{"line":99,"column":65}},"line":99},"7":{"name":"(anonymous_7)","decl":{"start":{"line":101,"column":59},"end":{"line":101,"column":60}},"loc":{"start":{"line":102,"column":16},"end":{"line":104,"column":25}},"line":102},"8":{"name":"(anonymous_8)","decl":{"start":{"line":114,"column":24},"end":{"line":114,"column":25}},"loc":{"start":{"line":114,"column":31},"end":{"line":114,"column":64}},"line":114},"9":{"name":"(anonymous_9)","decl":{"start":{"line":205,"column":27},"end":{"line":205,"column":28}},"loc":{"start":{"line":205,"column":50},"end":{"line":205,"column":91}},"line":205},"10":{"name":"(anonymous_10)","decl":{"start":{"line":213,"column":38},"end":{"line":213,"column":39}},"loc":{"start":{"line":213,"column":49},"end":{"line":213,"column":71}},"line":213},"11":{"name":"(anonymous_11)","decl":{"start":{"line":226,"column":40},"end":{"line":226,"column":41}},"loc":{"start":{"line":226,"column":51},"end":{"line":226,"column":73}},"line":226},"12":{"name":"(anonymous_12)","decl":{"start":{"line":244,"column":29},"end":{"line":244,"column":30}},"loc":{"start":{"line":244,"column":52},"end":{"line":244,"column":93}},"line":244},"13":{"name":"(anonymous_13)","decl":{"start":{"line":249,"column":44},"end":{"line":249,"column":45}},"loc":{"start":{"line":250,"column":24},"end":{"line":250,"column":91}},"line":250},"14":{"name":"(anonymous_14)","decl":{"start":{"line":253,"column":40},"end":{"line":253,"column":41}},"loc":{"start":{"line":253,"column":51},"end":{"line":253,"column":73}},"line":253}},"branchMap":{"0":{"loc":{"start":{"line":19,"column":4},"end":{"line":22,"column":5}},"type":"if","locations":[{"start":{"line":19,"column":4},"end":{"line":22,"column":5}},{"start":{},"end":{}}],"line":19},"1":{"loc":{"start":{"line":27,"column":4},"end":{"line":27,"column":24}},"type":"if","locations":[{"start":{"line":27,"column":4},"end":{"line":27,"column":24}},{"start":{},"end":{}}],"line":27},"2":{"loc":{"start":{"line":33,"column":6},"end":{"line":63,"column":7}},"type":"if","locations":[{"start":{"line":33,"column":6},"end":{"line":63,"column":7}},{"start":{"line":36,"column":13},"end":{"line":63,"column":7}}],"line":33},"3":{"loc":{"start":{"line":43,"column":17},"end":{"line":45,"column":37}},"type":"binary-expr","locations":[{"start":{"line":43,"column":17},"end":{"line":43,"column":47}},{"start":{"line":44,"column":17},"end":{"line":44,"column":45}},{"start":{"line":45,"column":17},"end":{"line":45,"column":37}}],"line":43},"4":{"loc":{"start":{"line":51,"column":10},"end":{"line":53,"column":11}},"type":"if","locations":[{"start":{"line":51,"column":10},"end":{"line":53,"column":11}},{"start":{},"end":{}}],"line":51},"5":{"loc":{"start":{"line":71,"column":2},"end":{"line":71,"column":27}},"type":"if","locations":[{"start":{"line":71,"column":2},"end":{"line":71,"column":27}},{"start":{},"end":{}}],"line":71},"6":{"loc":{"start":{"line":73,"column":2},"end":{"line":81,"column":3}},"type":"if","locations":[{"start":{"line":73,"column":2},"end":{"line":81,"column":3}},{"start":{},"end":{}}],"line":73},"7":{"loc":{"start":{"line":129,"column":7},"end":{"line":266,"column":7}},"type":"cond-expr","locations":[{"start":{"line":130,"column":8},"end":{"line":259,"column":11}},{"start":{"line":261,"column":8},"end":{"line":265,"column":14}}],"line":129},"8":{"loc":{"start":{"line":129,"column":7},"end":{"line":129,"column":38}},"type":"binary-expr","locations":[{"start":{"line":129,"column":7},"end":{"line":129,"column":17}},{"start":{"line":129,"column":21},"end":{"line":129,"column":38}}],"line":129},"9":{"loc":{"start":{"line":151,"column":25},"end":{"line":151,"column":100}},"type":"cond-expr","locations":[{"start":{"line":151,"column":52},"end":{"line":151,"column":73}},{"start":{"line":151,"column":76},"end":{"line":151,"column":100}}],"line":151},"10":{"loc":{"start":{"line":154,"column":19},"end":{"line":154,"column":64}},"type":"binary-expr","locations":[{"start":{"line":154,"column":19},"end":{"line":154,"column":43}},{"start":{"line":154,"column":47},"end":{"line":154,"column":64}}],"line":154},"11":{"loc":{"start":{"line":173,"column":37},"end":{"line":174,"column":114}},"type":"cond-expr","locations":[{"start":{"line":173,"column":67},"end":{"line":173,"column":88}},{"start":{"line":174,"column":35},"end":{"line":174,"column":114}}],"line":173},"12":{"loc":{"start":{"line":174,"column":35},"end":{"line":174,"column":114}},"type":"cond-expr","locations":[{"start":{"line":174,"column":65},"end":{"line":174,"column":87}},{"start":{"line":174,"column":90},"end":{"line":174,"column":114}}],"line":174},"13":{"loc":{"start":{"line":182,"column":21},"end":{"line":182,"column":90}},"type":"binary-expr","locations":[{"start":{"line":182,"column":21},"end":{"line":182,"column":48}},{"start":{"line":182,"column":52},"end":{"line":182,"column":90}}],"line":182},"14":{"loc":{"start":{"line":218,"column":13},"end":{"line":232,"column":13}},"type":"binary-expr","locations":[{"start":{"line":218,"column":13},"end":{"line":218,"column":40}},{"start":{"line":219,"column":14},"end":{"line":231,"column":20}}],"line":218},"15":{"loc":{"start":{"line":234,"column":13},"end":{"line":257,"column":13}},"type":"binary-expr","locations":[{"start":{"line":234,"column":13},"end":{"line":234,"column":40}},{"start":{"line":235,"column":14},"end":{"line":256,"column":20}}],"line":234}},"s":{"0":0,"1":0,"2":0,"3":0,"4":0,"5":0,"6":0,"7":0,"8":0,"9":0,"10":0,"11":0,"12":0,"13":0,"14":0,"15":0,"16":0,"17":0,"18":0,"19":0,"20":0,"21":0,"22":0,"23":0,"24":0,"25":0,"26":0,"27":0,"28":0,"29":0,"30":0,"31":0,"32":0,"33":0,"34":0,"35":0,"36":0,"37":0,"38":0,"39":0,"40":0,"41":0,"42":0,"43":0,"44":0,"45":0,"46":0,"47":0,"48":0,"49":0,"50":0},"f":{"0":0,"1":0,"2":0,"3":0,"4":0,"5":0,"6":0,"7":0,"8":0,"9":0,"10":0,"11":0,"12":0,"13":0,"14":0},"b":{"0":[0,0],"1":[0,0],"2":[0,0],"3":[0,0,0],"4":[0,0],"5":[0,0],"6":[0,0],"7":[0,0],"8":[0,0],"9":[0,0],"10":[0,0],"11":[0,0],"12":[0,0],"13":[0,0],"14":[0,0],"15":[0,0]}}
,"C:\\Finance-Tracker\\frontend\\src\\pages\\Dashboard.jsx": {"path":"C:\\Finance-Tracker\\frontend\\src\\pages\\Dashboard.jsx","statementMap":{"0":{"start":{"line":9,"column":38},"end":{"line":9,"column":52}},"1":{"start":{"line":10,"column":32},"end":{"line":10,"column":43}},"2":{"start":{"line":11,"column":32},"end":{"line":11,"column":46}},"3":{"start":{"line":12,"column":19},"end":{"line":12,"column":32}},"4":{"start":{"line":13,"column":19},"end":{"line":13,"column":32}},"5":{"start":{"line":14,"column":17},"end":{"line":14,"column":47}},"6":{"start":{"line":16,"column":26},"end":{"line":56,"column":24}},"7":{"start":{"line":17,"column":4},"end":{"line":17,"column":24}},"8":{"start":{"line":17,"column":17},"end":{"line":17,"column":24}},"9":{"start":{"line":19,"column":4},"end":{"line":19,"column":21}},"10":{"start":{"line":20,"column":4},"end":{"line":55,"column":5}},"11":{"start":{"line":21,"column":18},"end":{"line":21,"column":28}},"12":{"start":{"line":22,"column":20},"end":{"line":22,"column":38}},"13":{"start":{"line":23,"column":19},"end":{"line":23,"column":36}},"14":{"start":{"line":25,"column":6},"end":{"line":25,"column":67}},"15":{"start":{"line":26,"column":19},"end":{"line":26,"column":74}},"16":{"start":{"line":28,"column":6},"end":{"line":28,"column":40}},"17":{"start":{"line":30,"column":6},"end":{"line":33,"column":7}},"18":{"start":{"line":31,"column":8},"end":{"line":31,"column":32}},"19":{"start":{"line":32,"column":8},"end":{"line":32,"column":15}},"20":{"start":{"line":35,"column":6},"end":{"line":35,"column":26}},"21":{"start":{"line":38,"column":6},"end":{"line":45,"column":7}},"22":{"start":{"line":39,"column":33},"end":{"line":39,"column":90}},"23":{"start":{"line":40,"column":28},"end":{"line":40,"column":70}},"24":{"start":{"line":41,"column":8},"end":{"line":41,"column":60}},"25":{"start":{"line":42,"column":8},"end":{"line":42,"column":32}},"26":{"start":{"line":44,"column":8},"end":{"line":44,"column":55}},"27":{"start":{"line":47,"column":6},"end":{"line":47,"column":50}},"28":{"start":{"line":48,"column":6},"end":{"line":52,"column":7}},"29":{"start":{"line":49,"column":8},"end":{"line":49,"column":32}},"30":{"start":{"line":51,"column":8},"end":{"line":51,"column":64}},"31":{"start":{"line":54,"column":6},"end":{"line":54,"column":24}},"32":{"start":{"line":58,"column":2},"end":{"line":64,"column":42}},"33":{"start":{"line":59,"column":4},"end":{"line":62,"column":5}},"34":{"start":{"line":60,"column":6},"end":{"line":60,"column":25}},"35":{"start":{"line":61,"column":6},"end":{"line":61,"column":13}},"36":{"start":{"line":63,"column":4},"end":{"line":63,"column":22}},"37":{"start":{"line":67,"column":2},"end":{"line":72,"column":51}},"38":{"start":{"line":68,"column":4},"end":{"line":71,"column":5}},"39":{"start":{"line":69,"column":6},"end":{"line":69,"column":61}},"40":{"start":{"line":70,"column":6},"end":{"line":70,"column":24}},"41":{"start":{"line":74,"column":2},"end":{"line":74,"column":27}},"42":{"start":{"line":74,"column":15},"end":{"line":74,"column":27}},"43":{"start":{"line":76,"column":2},"end":{"line":84,"column":3}},"44":{"start":{"line":77,"column":4},"end":{"line":83,"column":6}},"45":{"start":{"line":86,"column":2},"end":{"line":88,"column":3}},"46":{"start":{"line":87,"column":4},"end":{"line":87,"column":16}},"47":{"start":{"line":90,"column":56},"end":{"line":90,"column":66}},"48":{"start":{"line":91,"column":23},"end":{"line":91,"column":36}},"49":{"start":{"line":92,"column":24},"end":{"line":92,"column":135}},"50":{"start":{"line":94,"column":2},"end":{"line":201,"column":4}}},"fnMap":{"0":{"name":"Dashboard","decl":{"start":{"line":8,"column":24},"end":{"line":8,"column":33}},"loc":{"start":{"line":8,"column":36},"end":{"line":202,"column":1}},"line":8},"1":{"name":"(anonymous_1)","decl":{"start":{"line":16,"column":38},"end":{"line":16,"column":39}},"loc":{"start":{"line":16,"column":50},"end":{"line":56,"column":3}},"line":16},"2":{"name":"(anonymous_2)","decl":{"start":{"line":58,"column":12},"end":{"line":58,"column":13}},"loc":{"start":{"line":58,"column":18},"end":{"line":64,"column":3}},"line":58},"3":{"name":"(anonymous_3)","decl":{"start":{"line":67,"column":12},"end":{"line":67,"column":13}},"loc":{"start":{"line":67,"column":18},"end":{"line":72,"column":3}},"line":67}},"branchMap":{"0":{"loc":{"start":{"line":17,"column":4},"end":{"line":17,"column":24}},"type":"if","locations":[{"start":{"line":17,"column":4},"end":{"line":17,"column":24}},{"start":{},"end":{}}],"line":17},"1":{"loc":{"start":{"line":30,"column":6},"end":{"line":33,"column":7}},"type":"if","locations":[{"start":{"line":30,"column":6},"end":{"line":33,"column":7}},{"start":{},"end":{}}],"line":30},"2":{"loc":{"start":{"line":40,"column":28},"end":{"line":40,"column":70}},"type":"binary-expr","locations":[{"start":{"line":40,"column":28},"end":{"line":40,"column":65}},{"start":{"line":40,"column":69},"end":{"line":40,"column":70}}],"line":40},"3":{"loc":{"start":{"line":48,"column":6},"end":{"line":52,"column":7}},"type":"if","locations":[{"start":{"line":48,"column":6},"end":{"line":52,"column":7}},{"start":{"line":50,"column":13},"end":{"line":52,"column":7}}],"line":48},"4":{"loc":{"start":{"line":48,"column":10},"end":{"line":48,"column":66}},"type":"binary-expr","locations":[{"start":{"line":48,"column":10},"end":{"line":48,"column":23}},{"start":{"line":48,"column":27},"end":{"line":48,"column":66}}],"line":48},"5":{"loc":{"start":{"line":59,"column":4},"end":{"line":62,"column":5}},"type":"if","locations":[{"start":{"line":59,"column":4},"end":{"line":62,"column":5}},{"start":{},"end":{}}],"line":59},"6":{"loc":{"start":{"line":68,"column":4},"end":{"line":71,"column":5}},"type":"if","locations":[{"start":{"line":68,"column":4},"end":{"line":71,"column":5}},{"start":{},"end":{}}],"line":68},"7":{"loc":{"start":{"line":68,"column":8},"end":{"line":68,"column":52}},"type":"binary-expr","locations":[{"start":{"line":68,"column":8},"end":{"line":68,"column":42}},{"start":{"line":68,"column":46},"end":{"line":68,"column":52}}],"line":68},"8":{"loc":{"start":{"line":74,"column":2},"end":{"line":74,"column":27}},"type":"if","locations":[{"start":{"line":74,"column":2},"end":{"line":74,"column":27}},{"start":{},"end":{}}],"line":74},"9":{"loc":{"start":{"line":76,"column":2},"end":{"line":84,"column":3}},"type":"if","locations":[{"start":{"line":76,"column":2},"end":{"line":84,"column":3}},{"start":{},"end":{}}],"line":76},"10":{"loc":{"start":{"line":86,"column":2},"end":{"line":88,"column":3}},"type":"if","locations":[{"start":{"line":86,"column":2},"end":{"line":88,"column":3}},{"start":{},"end":{}}],"line":86},"11":{"loc":{"start":{"line":86,"column":6},"end":{"line":86,"column":39}},"type":"binary-expr","locations":[{"start":{"line":86,"column":6},"end":{"line":86,"column":17}},{"start":{"line":86,"column":21},"end":{"line":86,"column":39}}],"line":86},"12":{"loc":{"start":{"line":92,"column":24},"end":{"line":92,"column":135}},"type":"cond-expr","locations":[{"start":{"line":92,"column":43},"end":{"line":92,"column":64}},{"start":{"line":92,"column":67},"end":{"line":92,"column":135}}],"line":92},"13":{"loc":{"start":{"line":92,"column":67},"end":{"line":92,"column":135}},"type":"cond-expr","locations":[{"start":{"line":92,"column":86},"end":{"line":92,"column":108}},{"start":{"line":92,"column":111},"end":{"line":92,"column":135}}],"line":92},"14":{"loc":{"start":{"line":137,"column":19},"end":{"line":137,"column":82}},"type":"cond-expr","locations":[{"start":{"line":137,"column":34},"end":{"line":137,"column":55}},{"start":{"line":137,"column":58},"end":{"line":137,"column":82}}],"line":137},"15":{"loc":{"start":{"line":141,"column":13},"end":{"line":141,"column":46}},"type":"binary-expr","locations":[{"start":{"line":141,"column":13},"end":{"line":141,"column":25}},{"start":{"line":141,"column":29},"end":{"line":141,"column":46}}],"line":141},"16":{"loc":{"start":{"line":144,"column":13},"end":{"line":144,"column":90}},"type":"cond-expr","locations":[{"start":{"line":144,"column":28},"end":{"line":144,"column":59}},{"start":{"line":144,"column":62},"end":{"line":144,"column":90}}],"line":144},"17":{"loc":{"start":{"line":171,"column":17},"end":{"line":171,"column":64}},"type":"binary-expr","locations":[{"start":{"line":171,"column":17},"end":{"line":171,"column":33}},{"start":{"line":171,"column":37},"end":{"line":171,"column":64}}],"line":171},"18":{"loc":{"start":{"line":176,"column":13},"end":{"line":176,"column":54}},"type":"binary-expr","locations":[{"start":{"line":176,"column":13},"end":{"line":176,"column":28}},{"start":{"line":176,"column":32},"end":{"line":176,"column":54}}],"line":176},"19":{"loc":{"start":{"line":177,"column":13},"end":{"line":177,"column":82}},"type":"binary-expr","locations":[{"start":{"line":177,"column":13},"end":{"line":177,"column":29}},{"start":{"line":177,"column":33},"end":{"line":177,"column":48}},{"start":{"line":177,"column":52},"end":{"line":177,"column":82}}],"line":177},"20":{"loc":{"start":{"line":178,"column":13},"end":{"line":178,"column":83}},"type":"binary-expr","locations":[{"start":{"line":178,"column":13},"end":{"line":178,"column":29}},{"start":{"line":178,"column":33},"end":{"line":178,"column":83}}],"line":178}},"s":{"0":0,"1":0,"2":0,"3":0,"4":0,"5":0,"6":0,"7":0,"8":0,"9":0,"10":0,"11":0,"12":0,"13":0,"14":0,"15":0,"16":0,"17":0,"18":0,"19":0,"20":0,"21":0,"22":0,"23":0,"24":0,"25":0,"26":0,"27":0,"28":0,"29":0,"30":0,"31":0,"32":0,"33":0,"34":0,"35":0,"36":0,"37":0,"38":0,"39":0,"40":0,"41":0,"42":0,"43":0,"44":0,"45":0,"46":0,"47":0,"48":0,"49":0,"50":0},"f":{"0":0,"1":0,"2":0,"3":0},"b":{"0":[0,0],"1":[0,0],"2":[0,0],"3":[0,0],"4":[0,0],"5":[0,0],"6":[0,0],"7":[0,0],"8":[0,0],"9":[0,0],"10":[0,0],"11":[0,0],"12":[0,0],"13":[0,0],"14":[0,0],"15":[0,0],"16":[0,0],"17":[0,0],"18":[0,0],"19":[0,0,0],"20":[0,0]}}
,"C:\\Finance-Tracker\\frontend\\src\\pages\\Login.jsx": {"path":"C:\\Finance-Tracker\\frontend\\src\\pages\\Login.jsx","statementMap":{"0":{"start":{"line":8,"column":28},"end":{"line":8,"column":40}},"1":{"start":{"line":9,"column":34},"end":{"line":9,"column":46}},"2":{"start":{"line":10,"column":42},"end":{"line":10,"column":57}},"3":{"start":{"line":11,"column":32},"end":{"line":11,"column":47}},"4":{"start":{"line":12,"column":30},"end":{"line":12,"column":42}},"5":{"start":{"line":13,"column":19},"end":{"line":13,"column":32}},"6":{"start":{"line":15,"column":19},"end":{"line":27,"column":3}},"7":{"start":{"line":16,"column":22},"end":{"line":16,"column":24}},"8":{"start":{"line":17,"column":4},"end":{"line":21,"column":5}},"9":{"start":{"line":18,"column":6},"end":{"line":18,"column":44}},"10":{"start":{"line":19,"column":11},"end":{"line":21,"column":5}},"11":{"start":{"line":20,"column":6},"end":{"line":20,"column":43}},"12":{"start":{"line":22,"column":4},"end":{"line":24,"column":5}},"13":{"start":{"line":23,"column":6},"end":{"line":23,"column":50}},"14":{"start":{"line":25,"column":4},"end":{"line":25,"column":25}},"15":{"start":{"line":26,"column":4},"end":{"line":26,"column":47}},"16":{"start":{"line":29,"column":22},"end":{"line":72,"column":3}},"17":{"start":{"line":30,"column":4},"end":{"line":30,"column":24}},"18":{"start":{"line":32,"column":4},"end":{"line":35,"column":5}},"19":{"start":{"line":33,"column":6},"end":{"line":33,"column":69}},"20":{"start":{"line":34,"column":6},"end":{"line":34,"column":13}},"21":{"start":{"line":37,"column":4},"end":{"line":37,"column":21}},"22":{"start":{"line":38,"column":4},"end":{"line":38,"column":18}},"23":{"start":{"line":40,"column":4},"end":{"line":71,"column":5}},"24":{"start":{"line":41,"column":19},"end":{"line":41,"column":68}},"25":{"start":{"line":43,"column":6},"end":{"line":64,"column":7}},"26":{"start":{"line":44,"column":8},"end":{"line":44,"column":52}},"27":{"start":{"line":45,"column":8},"end":{"line":45,"column":49}},"28":{"start":{"line":47,"column":8},"end":{"line":49,"column":9}},"29":{"start":{"line":48,"column":10},"end":{"line":48,"column":64}},"30":{"start":{"line":50,"column":8},"end":{"line":50,"column":72}},"31":{"start":{"line":53,"column":20},"end":{"line":53,"column":30}},"32":{"start":{"line":54,"column":22},"end":{"line":54,"column":40}},"33":{"start":{"line":55,"column":21},"end":{"line":55,"column":38}},"34":{"start":{"line":57,"column":8},"end":{"line":63,"column":9}},"35":{"start":{"line":58,"column":10},"end":{"line":58,"column":71}},"36":{"start":{"line":59,"column":10},"end":{"line":59,"column":33}},"37":{"start":{"line":62,"column":10},"end":{"line":62,"column":34}},"38":{"start":{"line":66,"column":27},"end":{"line":66,"column":90}},"39":{"start":{"line":67,"column":6},"end":{"line":67,"column":46}},"40":{"start":{"line":68,"column":6},"end":{"line":68,"column":43}},"41":{"start":{"line":70,"column":6},"end":{"line":70,"column":24}},"42":{"start":{"line":74,"column":2},"end":{"line":163,"column":4}},"43":{"start":{"line":102,"column":31},"end":{"line":102,"column":55}},"44":{"start":{"line":116,"column":33},"end":{"line":116,"column":60}},"45":{"start":{"line":122,"column":31},"end":{"line":122,"column":61}}},"fnMap":{"0":{"name":"Login","decl":{"start":{"line":7,"column":24},"end":{"line":7,"column":29}},"loc":{"start":{"line":7,"column":32},"end":{"line":164,"column":1}},"line":7},"1":{"name":"(anonymous_1)","decl":{"start":{"line":15,"column":19},"end":{"line":15,"column":20}},"loc":{"start":{"line":15,"column":25},"end":{"line":27,"column":3}},"line":15},"2":{"name":"(anonymous_2)","decl":{"start":{"line":29,"column":22},"end":{"line":29,"column":23}},"loc":{"start":{"line":29,"column":35},"end":{"line":72,"column":3}},"line":29},"3":{"name":"(anonymous_3)","decl":{"start":{"line":102,"column":24},"end":{"line":102,"column":25}},"loc":{"start":{"line":102,"column":31},"end":{"line":102,"column":55}},"line":102},"4":{"name":"(anonymous_4)","decl":{"start":{"line":116,"column":26},"end":{"line":116,"column":27}},"loc":{"start":{"line":116,"column":33},"end":{"line":116,"column":60}},"line":116},"5":{"name":"(anonymous_5)","decl":{"start":{"line":122,"column":25},"end":{"line":122,"column":26}},"loc":{"start":{"line":122,"column":31},"end":{"line":122,"column":61}},"line":122}},"branchMap":{"0":{"loc":{"start":{"line":17,"column":4},"end":{"line":21,"column":5}},"type":"if","locations":[{"start":{"line":17,"column":4},"end":{"line":21,"column":5}},{"start":{"line":19,"column":11},"end":{"line":21,"column":5}}],"line":17},"1":{"loc":{"start":{"line":19,"column":11},"end":{"line":21,"column":5}},"type":"if","locations":[{"start":{"line":19,"column":11},"end":{"line":21,"column":5}},{"start":{},"end":{}}],"line":19},"2":{"loc":{"start":{"line":22,"column":4},"end":{"line":24,"column":5}},"type":"if","locations":[{"start":{"line":22,"column":4},"end":{"line":24,"column":5}},{"start":{},"end":{}}],"line":22},"3":{"loc":{"start":{"line":32,"column":4},"end":{"line":35,"column":5}},"type":"if","locations":[{"start":{"line":32,"column":4},"end":{"line":35,"column":5}},{"start":{},"end":{}}],"line":32},"4":{"loc":{"start":{"line":43,"column":6},"end":{"line":64,"column":7}},"type":"if","locations":[{"start":{"line":43,"column":6},"end":{"line":64,"column":7}},{"start":{},"end":{}}],"line":43},"5":{"loc":{"start":{"line":47,"column":8},"end":{"line":49,"column":9}},"type":"if","locations":[{"start":{"line":47,"column":8},"end":{"line":49,"column":9}},{"start":{},"end":{}}],"line":47},"6":{"loc":{"start":{"line":66,"column":27},"end":{"line":66,"column":90}},"type":"binary-expr","locations":[{"start":{"line":66,"column":27},"end":{"line":66,"column":40}},{"start":{"line":66,"column":44},"end":{"line":66,"column":90}}],"line":66},"7":{"loc":{"start":{"line":89,"column":11},"end":{"line":93,"column":11}},"type":"binary-expr","locations":[{"start":{"line":89,"column":11},"end":{"line":89,"column":25}},{"start":{"line":90,"column":12},"end":{"line":92,"column":18}}],"line":89},"8":{"loc":{"start":{"line":99,"column":34},"end":{"line":99,"column":67}},"type":"cond-expr","locations":[{"start":{"line":99,"column":49},"end":{"line":99,"column":62}},{"start":{"line":99,"column":65},"end":{"line":99,"column":67}}],"line":99},"9":{"loc":{"start":{"line":105,"column":13},"end":{"line":105,"column":80}},"type":"binary-expr","locations":[{"start":{"line":105,"column":13},"end":{"line":105,"column":25}},{"start":{"line":105,"column":29},"end":{"line":105,"column":80}}],"line":105},"10":{"loc":{"start":{"line":112,"column":22},"end":{"line":112,"column":56}},"type":"cond-expr","locations":[{"start":{"line":112,"column":37},"end":{"line":112,"column":43}},{"start":{"line":112,"column":46},"end":{"line":112,"column":56}}],"line":112},"11":{"loc":{"start":{"line":113,"column":36},"end":{"line":113,"column":72}},"type":"cond-expr","locations":[{"start":{"line":113,"column":54},"end":{"line":113,"column":67}},{"start":{"line":113,"column":70},"end":{"line":113,"column":72}}],"line":113},"12":{"loc":{"start":{"line":137,"column":17},"end":{"line":137,"column":44}},"type":"cond-expr","locations":[{"start":{"line":137,"column":32},"end":{"line":137,"column":36}},{"start":{"line":137,"column":39},"end":{"line":137,"column":44}}],"line":137},"13":{"loc":{"start":{"line":140,"column":13},"end":{"line":140,"column":86}},"type":"binary-expr","locations":[{"start":{"line":140,"column":13},"end":{"line":140,"column":28}},{"start":{"line":140,"column":32},"end":{"line":140,"column":86}}],"line":140},"14":{"loc":{"start":{"line":149,"column":13},"end":{"line":149,"column":48}},"type":"cond-expr","locations":[{"start":{"line":149,"column":23},"end":{"line":149,"column":38}},{"start":{"line":149,"column":41},"end":{"line":149,"column":48}}],"line":149}},"s":{"0":0,"1":0,"2":0,"3":0,"4":0,"5":0,"6":0,"7":0,"8":0,"9":0,"10":0,"11":0,"12":0,"13":0,"14":0,"15":0,"16":0,"17":0,"18":0,"19":0,"20":0,"21":0,"22":0,"23":0,"24":0,"25":0,"26":0,"27":0,"28":0,"29":0,"30":0,"31":0,"32":0,"33":0,"34":0,"35":0,"36":0,"37":0,"38":0,"39":0,"40":0,"41":0,"42":0,"43":0,"44":0,"45":0},"f":{"0":0,"1":0,"2":0,"3":0,"4":0,"5":0},"b":{"0":[0,0],"1":[0,0],"2":[0,0],"3":[0,0],"4":[0,0],"5":[0,0],"6":[0,0],"7":[0,0],"8":[0,0],"9":[0,0],"10":[0,0],"11":[0,0],"12":[0,0],"13":[0,0],"14":[0,0]}}
,"C:\\Finance-Tracker\\frontend\\src\\pages\\PreviousBudgets.jsx": {"path":"C:\\Finance-Tracker\\frontend\\src\\pages\\PreviousBudgets.jsx","statementMap":{"0":{"start":{"line":9,"column":32},"end":{"line":9,"column":44}},"1":{"start":{"line":10,"column":32},"end":{"line":10,"column":46}},"2":{"start":{"line":11,"column":19},"end":{"line":11,"column":32}},"3":{"start":{"line":12,"column":17},"end":{"line":12,"column":47}},"4":{"start":{"line":14,"column":2},"end":{"line":20,"column":25}},"5":{"start":{"line":15,"column":4},"end":{"line":18,"column":5}},"6":{"start":{"line":16,"column":6},"end":{"line":16,"column":25}},"7":{"start":{"line":17,"column":6},"end":{"line":17,"column":13}},"8":{"start":{"line":19,"column":4},"end":{"line":19,"column":22}},"9":{"start":{"line":22,"column":26},"end":{"line":34,"column":3}},"10":{"start":{"line":23,"column":4},"end":{"line":23,"column":24}},"11":{"start":{"line":23,"column":17},"end":{"line":23,"column":24}},"12":{"start":{"line":25,"column":4},"end":{"line":25,"column":21}},"13":{"start":{"line":26,"column":4},"end":{"line":33,"column":5}},"14":{"start":{"line":27,"column":19},"end":{"line":27,"column":65}},"15":{"start":{"line":28,"column":6},"end":{"line":28,"column":37}},"16":{"start":{"line":30,"column":6},"end":{"line":30,"column":67}},"17":{"start":{"line":32,"column":6},"end":{"line":32,"column":24}},"18":{"start":{"line":36,"column":23},"end":{"line":38,"column":3}},"19":{"start":{"line":37,"column":4},"end":{"line":37,"column":82}},"20":{"start":{"line":40,"column":26},"end":{"line":50,"column":3}},"21":{"start":{"line":41,"column":4},"end":{"line":49,"column":5}},"22":{"start":{"line":42,"column":6},"end":{"line":42,"column":102}},"23":{"start":{"line":43,"column":11},"end":{"line":49,"column":5}},"24":{"start":{"line":44,"column":6},"end":{"line":44,"column":100}},"25":{"start":{"line":45,"column":11},"end":{"line":49,"column":5}},"26":{"start":{"line":46,"column":6},"end":{"line":46,"column":100}},"27":{"start":{"line":48,"column":6},"end":{"line":48,"column":103}},"28":{"start":{"line":52,"column":2},"end":{"line":52,"column":27}},"29":{"start":{"line":52,"column":15},"end":{"line":52,"column":27}},"30":{"start":{"line":54,"column":2},"end":{"line":62,"column":3}},"31":{"start":{"line":55,"column":4},"end":{"line":61,"column":6}},"32":{"start":{"line":64,"column":2},"end":{"line":169,"column":4}},"33":{"start":{"line":80,"column":27},"end":{"line":80,"column":54}},"34":{"start":{"line":81,"column":66},"end":{"line":81,"column":76}},"35":{"start":{"line":82,"column":33},"end":{"line":82,"column":46}},"36":{"start":{"line":84,"column":12},"end":{"line":164,"column":14}}},"fnMap":{"0":{"name":"PreviousBudgets","decl":{"start":{"line":8,"column":24},"end":{"line":8,"column":39}},"loc":{"start":{"line":8,"column":42},"end":{"line":170,"column":1}},"line":8},"1":{"name":"(anonymous_1)","decl":{"start":{"line":14,"column":12},"end":{"line":14,"column":13}},"loc":{"start":{"line":14,"column":18},"end":{"line":20,"column":3}},"line":14},"2":{"name":"(anonymous_2)","decl":{"start":{"line":22,"column":26},"end":{"line":22,"column":27}},"loc":{"start":{"line":22,"column":38},"end":{"line":34,"column":3}},"line":22},"3":{"name":"(anonymous_3)","decl":{"start":{"line":36,"column":23},"end":{"line":36,"column":24}},"loc":{"start":{"line":36,"column":34},"end":{"line":38,"column":3}},"line":36},"4":{"name":"(anonymous_4)","decl":{"start":{"line":40,"column":26},"end":{"line":40,"column":27}},"loc":{"start":{"line":40,"column":42},"end":{"line":50,"column":3}},"line":40},"5":{"name":"(anonymous_5)","decl":{"start":{"line":79,"column":23},"end":{"line":79,"column":24}},"loc":{"start":{"line":79,"column":39},"end":{"line":165,"column":11}},"line":79}},"branchMap":{"0":{"loc":{"start":{"line":15,"column":4},"end":{"line":18,"column":5}},"type":"if","locations":[{"start":{"line":15,"column":4},"end":{"line":18,"column":5}},{"start":{},"end":{}}],"line":15},"1":{"loc":{"start":{"line":23,"column":4},"end":{"line":23,"column":24}},"type":"if","locations":[{"start":{"line":23,"column":4},"end":{"line":23,"column":24}},{"start":{},"end":{}}],"line":23},"2":{"loc":{"start":{"line":28,"column":17},"end":{"line":28,"column":35}},"type":"binary-expr","locations":[{"start":{"line":28,"column":17},"end":{"line":28,"column":29}},{"start":{"line":28,"column":33},"end":{"line":28,"column":35}}],"line":28},"3":{"loc":{"start":{"line":41,"column":4},"end":{"line":49,"column":5}},"type":"if","locations":[{"start":{"line":41,"column":4},"end":{"line":49,"column":5}},{"start":{"line":43,"column":11},"end":{"line":49,"column":5}}],"line":41},"4":{"loc":{"start":{"line":43,"column":11},"end":{"line":49,"column":5}},"type":"if","locations":[{"start":{"line":43,"column":11},"end":{"line":49,"column":5}},{"start":{"line":45,"column":11},"end":{"line":49,"column":5}}],"line":43},"5":{"loc":{"start":{"line":45,"column":11},"end":{"line":49,"column":5}},"type":"if","locations":[{"start":{"line":45,"column":11},"end":{"line":49,"column":5}},{"start":{"line":47,"column":11},"end":{"line":49,"column":5}}],"line":45},"6":{"loc":{"start":{"line":52,"column":2},"end":{"line":52,"column":27}},"type":"if","locations":[{"start":{"line":52,"column":2},"end":{"line":52,"column":27}},{"start":{},"end":{}}],"line":52},"7":{"loc":{"start":{"line":54,"column":2},"end":{"line":62,"column":3}},"type":"if","locations":[{"start":{"line":54,"column":2},"end":{"line":62,"column":3}},{"start":{},"end":{}}],"line":54},"8":{"loc":{"start":{"line":71,"column":7},"end":{"line":167,"column":7}},"type":"cond-expr","locations":[{"start":{"line":72,"column":8},"end":{"line":76,"column":14}},{"start":{"line":78,"column":8},"end":{"line":166,"column":14}}],"line":71},"9":{"loc":{"start":{"line":122,"column":29},"end":{"line":122,"column":92}},"type":"cond-expr","locations":[{"start":{"line":122,"column":44},"end":{"line":122,"column":65}},{"start":{"line":122,"column":68},"end":{"line":122,"column":92}}],"line":122},"10":{"loc":{"start":{"line":125,"column":23},"end":{"line":125,"column":48}},"type":"binary-expr","locations":[{"start":{"line":125,"column":23},"end":{"line":125,"column":35}},{"start":{"line":125,"column":39},"end":{"line":125,"column":48}}],"line":125},"11":{"loc":{"start":{"line":146,"column":39},"end":{"line":147,"column":105}},"type":"cond-expr","locations":[{"start":{"line":146,"column":58},"end":{"line":146,"column":79}},{"start":{"line":147,"column":37},"end":{"line":147,"column":105}}],"line":146},"12":{"loc":{"start":{"line":147,"column":37},"end":{"line":147,"column":105}},"type":"cond-expr","locations":[{"start":{"line":147,"column":56},"end":{"line":147,"column":78}},{"start":{"line":147,"column":81},"end":{"line":147,"column":105}}],"line":147},"13":{"loc":{"start":{"line":153,"column":17},"end":{"line":162,"column":17}},"type":"binary-expr","locations":[{"start":{"line":153,"column":17},"end":{"line":153,"column":29}},{"start":{"line":154,"column":18},"end":{"line":161,"column":22}}],"line":153}},"s":{"0":0,"1":0,"2":0,"3":0,"4":0,"5":0,"6":0,"7":0,"8":0,"9":0,"10":0,"11":0,"12":0,"13":0,"14":0,"15":0,"16":0,"17":0,"18":0,"19":0,"20":0,"21":0,"22":0,"23":0,"24":0,"25":0,"26":0,"27":0,"28":0,"29":0,"30":0,"31":0,"32":0,"33":0,"34":0,"35":0,"36":0},"f":{"0":0,"1":0,"2":0,"3":0,"4":0,"5":0},"b":{"0":[0,0],"1":[0,0],"2":[0,0],"3":[0,0],"4":[0,0],"5":[0,0],"6":[0,0],"7":[0,0],"8":[0,0],"9":[0,0],"10":[0,0],"11":[0,0],"12":[0,0],"13":[0,0]}}
[...]
":{"line":49,"column":90}}],"line":49},"3":{"loc":{"start":{"line":76,"column":4},"end":{"line":79,"column":5}},"type":"if","locations":[{"start":{"line":76,"column":4},"end":{"line":79,"column":5}},{"start":{},"end":{}}],"line":76},"4":{"loc":{"start":{"line":85,"column":4},"end":{"line":87,"column":5}},"type":"if","locations":[{"start":{"line":85,"column":4},"end":{"line":87,"column":5}},{"start":{},"end":{}}],"line":85},"5":{"loc":{"start":{"line":85,"column":8},"end":{"line":85,"column":55}},"type":"binary-expr","locations":[{"start":{"line":85,"column":8},"end":{"line":85,"column":45}},{"start":{"line":85,"column":49},"end":{"line":85,"column":55}}],"line":85},"6":{"loc":{"start":{"line":94,"column":4},"end":{"line":96,"column":5}},"type":"if","locations":[{"start":{"line":94,"column":4},"end":{"line":96,"column":5}},{"start":{},"end":{}}],"line":94},"7":{"loc":{"start":{"line":98,"column":4},"end":{"line":104,"column":5}},"type":"if","locations":[{"start":{"line":98,"column":4},"end":{"line":104,"column":5}},{"start":{},"end":{}}],"line":98},"8":{"loc":{"start":{"line":119,"column":2},"end":{"line":119,"column":27}},"type":"if","locations":[{"start":{"line":119,"column":2},"end":{"line":119,"column":27}},{"start":{},"end":{}}],"line":119},"9":{"loc":{"start":{"line":121,"column":2},"end":{"line":129,"column":3}},"type":"if","locations":[{"start":{"line":121,"column":2},"end":{"line":129,"column":3}},{"start":{},"end":{}}],"line":121},"10":{"loc":{"start":{"line":178,"column":9},"end":{"line":186,"column":9}},"type":"binary-expr","locations":[{"start":{"line":178,"column":10},"end":{"line":178,"column":20}},{"start":{"line":178,"column":24},"end":{"line":178,"column":48}},{"start":{"line":179,"column":10},"end":{"line":185,"column":19}}],"line":178},"11":{"loc":{"start":{"line":189,"column":7},"end":{"line":268,"column":7}},"type":"cond-expr","locations":[{"start":{"line":190,"column":8},"end":{"line":194,"column":14}},{"start":{"line":195,"column":10},"end":{"line":268,"column":7}}],"line":189},"12":{"loc":{"start":{"line":195,"column":10},"end":{"line":268,"column":7}},"type":"cond-expr","locations":[{"start":{"line":196,"column":8},"end":{"line":200,"column":14}},{"start":{"line":202,"column":8},"end":{"line":267,"column":14}}],"line":195},"13":{"loc":{"start":{"line":239,"column":41},"end":{"line":241,"column":52}},"type":"cond-expr","locations":[{"start":{"line":240,"column":28},"end":{"line":240,"column":53}},{"start":{"line":241,"column":28},"end":{"line":241,"column":52}}],"line":239},"14":{"loc":{"start":{"line":242,"column":31},"end":{"line":244,"column":49}},"type":"cond-expr","locations":[{"start":{"line":243,"column":28},"end":{"line":243,"column":52}},{"start":{"line":244,"column":28},"end":{"line":244,"column":49}}],"line":242},"15":{"loc":{"start":{"line":246,"column":25},"end":{"line":246,"column":83}},"type":"cond-expr","locations":[{"start":{"line":246,"column":57},"end":{"line":246,"column":68}},{"start":{"line":246,"column":71},"end":{"line":246,"column":83}}],"line":246},"16":{"loc":{"start":{"line":253,"column":29},"end":{"line":255,"column":47}},"type":"cond-expr","locations":[{"start":{"line":254,"column":26},"end":{"line":254,"column":50}},{"start":{"line":255,"column":26},"end":{"line":255,"column":47}}],"line":253},"17":{"loc":{"start":{"line":257,"column":23},"end":{"line":257,"column":64}},"type":"cond-expr","locations":[{"start":{"line":257,"column":55},"end":{"line":257,"column":58}},{"start":{"line":257,"column":61},"end":{"line":257,"column":64}}],"line":257},"18":{"loc":{"start":{"line":260,"column":23},"end":{"line":260,"column":53}},"type":"binary-expr","locations":[{"start":{"line":260,"column":23},"end":{"line":260,"column":46}},{"start":{"line":260,"column":50},"end":{"line":260,"column":53}}],"line":260}},"s":{"0":0,"1":0,"2":0,"3":0,"4":0,"5":0,"6":0,"7":0,"8":0,"9":0,"10":0,"11":0,"12":0,"13":0,"14":0,"15":0,"16":0,"17":0,"18":0,"19":0,"20":0,"21":0,"22":0,"23":0,"24":0,"25":0,"26":0,"27":0,"28":0,"29":0,"30":0,"31":0,"32":0,"33":0,"34":0,"35":0,"36":0,"37":0,"38":0,"39":0,"40":0,"41":0,"42":0,"43":0,"44":0,"45":0,"46":0,"47":0,"48":0,"49":0,"50":0,"51":0,"52":0,"53":0,"54":0,"55":0,"56":0,"57":0,"58":0,"59":0,"60":0,"61":0,"62":0,"63":0,"64":0,"65":0,"66":0,"67":0,"68":0,"69":0,"70":0,"71":0},"f":{"0":0,"1":0,"2":0,"3":0,"4":0,"5":0,"6":0,"7":0,"8":0,"9":0,"10":0,"11":0,"12":0,"13":0,"14":0,"15":0,"16":0},"b":{"0":[0,0],"1":[0,0],"2":[0,0],"3":[0,0],"4":[0,0],"5":[0,0],"6":[0,0],"7":[0,0],"8":[0,0],"9":[0,0],"10":[0,0,0],"11":[0,0],"12":[0,0],"13":[0,0],"14":[0,0],"15":[0,0],"16":[0,0],"17":[0,0],"18":[0,0]}}
,"C:\\Finance-Tracker\\frontend\\src\\services\\api.js": {"path":"C:\\Finance-Tracker\\frontend\\src\\services\\api.js","statementMap":{"0":{"start":{"line":4,"column":21},"end":{"line":4,"column":44}},"1":{"start":{"line":8,"column":14},"end":{"line":8,"column":42}},"2":{"start":{"line":9,"column":17},"end":{"line":16,"column":3}},"3":{"start":{"line":18,"column":2},"end":{"line":18,"column":53}},"4":{"start":{"line":19,"column":2},"end":{"line":21,"column":3}},"5":{"start":{"line":20,"column":4},"end":{"line":20,"column":47}},"6":{"start":{"line":23,"column":2},"end":{"line":61,"column":3}},"7":{"start":{"line":24,"column":21},"end":{"line":24,"column":45}},"8":{"start":{"line":26,"column":4},"end":{"line":26,"column":74}},"9":{"start":{"line":31,"column":4},"end":{"line":39,"column":5}},"10":{"start":{"line":32,"column":19},"end":{"line":32,"column":40}},"11":{"start":{"line":33,"column":6},"end":{"line":33,"column":78}},"12":{"start":{"line":34,"column":6},"end":{"line":34,"column":44}},"13":{"start":{"line":36,"column":6},"end":{"line":36,"column":55}},"14":{"start":{"line":37,"column":19},"end":{"line":37,"column":40}},"15":{"start":{"line":38,"column":6},"end":{"line":38,"column":82}},"16":{"start":{"line":41,"column":4},"end":{"line":49,"column":5}},"17":{"start":{"line":42,"column":27},"end":{"line":42,"column":108}},"18":{"start":{"line":43,"column":6},"end":{"line":47,"column":9}},"19":{"start":{"line":48,"column":6},"end":{"line":48,"column":36}},"20":{"start":{"line":51,"column":4},"end":{"line":51,"column":56}},"21":{"start":{"line":52,"column":4},"end":{"line":52,"column":16}},"22":{"start":{"line":54,"column":4},"end":{"line":59,"column":7}},"23":{"start":{"line":60,"column":4},"end":{"line":60,"column":16}},"24":{"start":{"line":65,"column":26},"end":{"line":107,"column":1}},"25":{"start":{"line":69,"column":6},"end":{"line":72,"column":8}},"26":{"start":{"line":75,"column":6},"end":{"line":78,"column":8}},"27":{"start":{"line":84,"column":6},"end":{"line":87,"column":8}},"28":{"start":{"line":90,"column":6},"end":{"line":90,"column":55}},"29":{"start":{"line":93,"column":6},"end":{"line":93,"column":42}},"30":{"start":{"line":99,"column":6},"end":{"line":102,"column":8}},"31":{"start":{"line":105,"column":6},"end":{"line":105,"column":43}}},"fnMap":{"0":{"name":"apiRequest","decl":{"start":{"line":7,"column":15},"end":{"line":7,"column":25}},"loc":{"start":{"line":7,"column":50},"end":{"line":62,"column":1}},"line":7},"1":{"name":"(anonymous_1)","decl":{"start":{"line":68,"column":14},"end":{"line":68,"column":15}},"loc":{"start":{"line":69,"column":6},"end":{"line":72,"column":8}},"line":69},"2":{"name":"(anonymous_2)","decl":{"start":{"line":74,"column":11},"end":{"line":74,"column":12}},"loc":{"start":{"line":75,"column":6},"end":{"line":78,"column":8}},"line":75},"3":{"name":"(anonymous_3)","decl":{"start":{"line":83,"column":12},"end":{"line":83,"column":13}},"loc":{"start":{"line":84,"column":6},"end":{"line":87,"column":8}},"line":84},"4":{"name":"(anonymous_4)","decl":{"start":{"line":89,"column":15},"end":{"line":89,"column":16}},"loc":{"start":{"line":90,"column":6},"end":{"line":90,"column":55}},"line":90},"5":{"name":"(anonymous_5)","decl":{"start":{"line":92,"column":19},"end":{"line":92,"column":20}},"loc":{"start":{"line":93,"column":6},"end":{"line":93,"column":42}},"line":93},"6":{"name":"(anonymous_6)","decl":{"start":{"line":98,"column":12},"end":{"line":98,"column":13}},"loc":{"start":{"line":99,"column":6},"end":{"line":102,"column":8}},"line":99},"7":{"name":"(anonymous_7)","decl":{"start":{"line":104,"column":25},"end":{"line":104,"column":26}},"loc":{"start":{"line":105,"column":6},"end":{"line":105,"column":43}},"line":105}},"branchMap":{"0":{"loc":{"start":{"line":7,"column":36},"end":{"line":7,"column":48}},"type":"default-arg","locations":[{"start":{"line":7,"column":46},"end":{"line":7,"column":48}}],"line":7},"1":{"loc":{"start":{"line":10,"column":12},"end":{"line":10,"column":35}},"type":"binary-expr","locations":[{"start":{"line":10,"column":12},"end":{"line":10,"column":26}},{"start":{"line":10,"column":30},"end":{"line":10,"column":35}}],"line":10},"2":{"loc":{"start":{"line":15,"column":8},"end":{"line":15,"column":46}},"type":"binary-expr","locations":[{"start":{"line":15,"column":8},"end":{"line":15,"column":20}},{"start":{"line":15,"column":24},"end":{"line":15,"column":46}}],"line":15},"3":{"loc":{"start":{"line":19,"column":2},"end":{"line":21,"column":3}},"type":"if","locations":[{"start":{"line":19,"column":2},"end":{"line":21,"column":3}},{"start":{},"end":{}}],"line":19},"4":{"loc":{"start":{"line":34,"column":13},"end":{"line":34,"column":43}},"type":"cond-expr","locations":[{"start":{"line":34,"column":20},"end":{"line":34,"column":36}},{"start":{"line":34,"column":39},"end":{"line":34,"column":43}}],"line":34},"5":{"loc":{"start":{"line":41,"column":4},"end":{"line":49,"column":5}},"type":"if","locations":[{"start":{"line":41,"column":4},"end":{"line":49,"column":5}},{"start":{},"end":{}}],"line":41},"6":{"loc":{"start":{"line":42,"column":27},"end":{"line":42,"column":108}},"type":"binary-expr","locations":[{"start":{"line":42,"column":27},"end":{"line":42,"column":40}},{"start":{"line":42,"column":44},"end":{"line":42,"column":55}},{"start":{"line":42,"column":59},"end":{"line":42,"column":108}}],"line":42}},"s":{"0":1,"1":12,"2":12,"3":12,"4":12,"5":9,"6":12,"7":12,"8":11,"9":11,"10":11,"11":11,"12":11,"13":1,"14":1,"15":1,"16":10,"17":3,"18":3,"19":3,"20":7,"21":7,"22":5,"23":5,"24":1,"25":2,"26":5,"27":1,"28":1,"29":1,"30":1,"31":1},"f":{"0":12,"1":2,"2":5,"3":1,"4":1,"5":1,"6":1,"7":1},"b":{"0":[3],"1":[12,3],"2":[12,9],"3":[9,3],"4":[11,0],"5":[3,7],"6":[3,0,0]},"_coverageSchema":"1a1c01bbd47fc00a2c39e90264f33305004495a9","hash":"81326226488787a97392dbd9c9c8bf3c74dab994"}
,"C:\\Finance-Tracker\\frontend\\src\\services\\notification.js": {"path":"C:\\Finance-Tracker\\frontend\\src\\services\\notification.js","statementMap":{"0":{"start":{"line":6,"column":4},"end":{"line":6,"column":24}},"1":{"start":{"line":11,"column":4},"end":{"line":11,"column":34}},"2":{"start":{"line":13,"column":4},"end":{"line":15,"column":6}},"3":{"start":{"line":14,"column":6},"end":{"line":14,"column":70}},"4":{"start":{"line":14,"column":52},"end":{"line":14,"column":68}},"5":{"start":{"line":20,"column":4},"end":{"line":24,"column":7}},"6":{"start":{"line":21,"column":6},"end":{"line":23,"column":7}},"7":{"start":{"line":22,"column":8},"end":{"line":22,"column":32}},"8":{"start":{"line":29,"column":4},"end":{"line":29,"column":36}},"9":{"start":{"line":33,"column":4},"end":{"line":33,"column":34}},"10":{"start":{"line":37,"column":4},"end":{"line":37,"column":33}},"11":{"start":{"line":41,"column":4},"end":{"line":41,"column":36}},"12":{"start":{"line":46,"column":35},"end":{"line":46,"column":60}}},"fnMap":{"0":{"name":"(anonymous_0)","decl":{"start":{"line":5,"column":2},"end":{"line":5,"column":3}},"loc":{"start":{"line":5,"column":16},"end":{"line":7,"column":3}},"line":5},"1":{"name":"(anonymous_1)","decl":{"start":{"line":10,"column":2},"end":{"line":10,"column":3}},"loc":{"start":{"line":10,"column":22},"end":{"line":16,"column":3}},"line":10},"2":{"name":"(anonymous_2)","decl":{"start":{"line":13,"column":11},"end":{"line":13,"column":12}},"loc":{"start":{"line":13,"column":17},"end":{"line":15,"column":5}},"line":13},"3":{"name":"(anonymous_3)","decl":{"start":{"line":14,"column":45},"end":{"line":14,"column":46}},"loc":{"start":{"line":14,"column":52},"end":{"line":14,"column":68}},"line":14},"4":{"name":"(anonymous_4)","decl":{"start":{"line":19,"column":2},"end":{"line":19,"column":3}},"loc":{"start":{"line":19,"column":24},"end":{"line":25,"column":3}},"line":19},"5":{"name":"(anonymous_5)","decl":{"start":{"line":20,"column":27},"end":{"line":20,"column":28}},"loc":{"start":{"line":20,"column":39},"end":{"line":24,"column":5}},"line":20},"6":{"name":"(anonymous_6)","decl":{"start":{"line":28,"column":2},"end":{"line":28,"column":3}},"loc":{"start":{"line":28,"column":19},"end":{"line":30,"column":3}},"line":28},"7":{"name":"(anonymous_7)","decl":{"start":{"line":32,"column":2},"end":{"line":32,"column":3}},"loc":{"start":{"line":32,"column":17},"end":{"line":34,"column":3}},"line":32},"8":{"name":"(anonymous_8)","decl":{"start":{"line":36,"column":2},"end":{"line":36,"column":3}},"loc":{"start":{"line":36,"column":16},"end":{"line":38,"column":3}},"line":36},"9":{"name":"(anonymous_9)","decl":{"start":{"line":40,"column":2},"end":{"line":40,"column":3}},"loc":{"start":{"line":40,"column":19},"end":{"line":42,"column":3}},"line":40}},"branchMap":{"0":{"loc":{"start":{"line":21,"column":6},"end":{"line":23,"column":7}},"type":"if","locations":[{"start":{"line":21,"column":6},"end":{"line":23,"column":7}},{"start":{},"end":{}}],"line":21},"1":{"loc":{"start":{"line":21,"column":10},"end":{"line":21,"column":52}},"type":"binary-expr","locations":[{"start":{"line":21,"column":10},"end":{"line":21,"column":18}},{"start":{"line":21,"column":22},"end":{"line":21,"column":52}}],"line":21}},"s":{"0":1,"1":21,"2":21,"3":18,"4":47,"5":13,"6":30,"7":16,"8":1,"9":1,"10":1,"11":1,"12":1},"f":{"0":1,"1":21,"2":18,"3":47,"4":13,"5":30,"6":1,"7":1,"8":1,"9":1},"b":{"0":[16,14],"1":[30,16]},"_coverageSchema":"1a1c01bbd47fc00a2c39e90264f33305004495a9","hash":"a0da964a06307980b7b88e25ae33d027e8f14dc6"}
,"C:\\Finance-Tracker\\frontend\\src\\utils\\dateUtils.js": {"path":"C:\\Finance-Tracker\\frontend\\src\\utils\\dateUtils.js","statementMap":{"0":{"start":{"line":8,"column":34},"end":{"line":22,"column":1}},"1":{"start":{"line":9,"column":2},"end":{"line":9,"column":23}},"2":{"start":{"line":9,"column":13},"end":{"line":9,"column":23}},"3":{"start":{"line":11,"column":18},"end":{"line":11,"column":66}},"4":{"start":{"line":13,"column":2},"end":{"line":15,"column":3}},"5":{"start":{"line":14,"column":4},"end":{"line":14,"column":14}},"6":{"start":{"line":17,"column":14},"end":{"line":17,"column":56}},"7":{"start":{"line":18,"column":16},"end":{"line":18,"column":63}},"8":{"start":{"line":19,"column":15},"end":{"line":19,"column":36}},"9":{"start":{"line":21,"column":2},"end":{"line":21,"column":35}},"10":{"start":{"line":29,"column":29},"end":{"line":40,"column":1}},"11":{"start":{"line":30,"column":2},"end":{"line":30,"column":31}},"12":{"start":{"line":30,"column":19},"end":{"line":30,"column":31}},"13":{"start":{"line":32,"column":16},"end":{"line":32,"column":37}},"14":{"start":{"line":33,"column":2},"end":{"line":33,"column":38}},"15":{"start":{"line":33,"column":26},"end":{"line":33,"column":38}},"16":{"start":{"line":35,"column":14},"end":{"line":35,"column":36}},"17":{"start":{"line":36,"column":16},"end":{"line":36,"column":42}},"18":{"start":{"line":37,"column":15},"end":{"line":37,"column":37}},"19":{"start":{"line":39,"column":2},"end":{"line":39,"column":36}},"20":{"start":{"line":47,"column":40},"end":{"line":58,"column":1}},"21":{"start":{"line":48,"column":2},"end":{"line":48,"column":27}},"22":{"start":{"line":48,"column":17},"end":{"line":48,"column":27}},"23":{"start":{"line":50,"column":16},"end":{"line":50,"column":35}},"24":{"start":{"line":51,"column":2},"end":{"line":51,"column":42}},"25":{"start":{"line":51,"column":26},"end":{"line":51,"column":42}},"26":{"start":{"line":53,"column":15},"end":{"line":53,"column":23}},"27":{"start":{"line":54,"column":16},"end":{"line":54,"column":24}},"28":{"start":{"line":55,"column":14},"end":{"line":55,"column":22}},"29":{"start":{"line":57,"column":2},"end":{"line":57,"column":35}},"30":{"start":{"line":65,"column":40},"end":{"line":76,"column":1}},"31":{"start":{"line":66,"column":2},"end":{"line":66,"column":27}},"32":{"start":{"line":66,"column":17},"end":{"line":66,"column":27}},"33":{"start":{"line":68,"column":16},"end":{"line":68,"column":35}},"34":{"start":{"line":69,"column":2},"end":{"line":69,"column":42}},"35":{"start":{"line":69,"column":26},"end":{"line":69,"column":42}},"36":{"start":{"line":71,"column":14},"end":{"line":71,"column":22}},"37":{"start":{"line":72,"column":16},"end":{"line":72,"column":24}},"38":{"start":{"line":73,"column":15},"end":{"line":73,"column":23}},"39":{"start":{"line":75,"column":2},"end":{"line":75,"column":35}}},"fnMap":{"0":{"name":"(anonymous_0)","decl":{"start":{"line":8,"column":34},"end":{"line":8,"column":35}},"loc":{"start":{"line":8,"column":44},"end":{"line":22,"column":1}},"line":8},"1":{"name":"(anonymous_1)","decl":{"start":{"line":29,"column":29},"end":{"line":29,"column":30}},"loc":{"start":{"line":29,"column":45},"end":{"line":40,"column":1}},"line":29},"2":{"name":"(anonymous_2)","decl":{"start":{"line":47,"column":40},"end":{"line":47,"column":41}},"loc":{"start":{"line":47,"column":54},"end":{"line":58,"column":1}},"line":47},"3":{"name":"(anonymous_3)","decl":{"start":{"line":65,"column":40},"end":{"line":65,"column":41}},"loc":{"start":{"line":65,"column":54},"end":{"line":76,"column":1}},"line":65}},"branchMap":{"0":{"loc":{"start":{"line":9,"column":2},"end":{"line":9,"column":23}},"type":"if","locations":[{"start":{"line":9,"column":2},"end":{"line":9,"column":23}},{"start":{},"end":{}}],"line":9},"1":{"loc":{"start":{"line":11,"column":18},"end":{"line":11,"column":66}},"type":"cond-expr","locations":[{"start":{"line":11,"column":45},"end":{"line":11,"column":59}},{"start":{"line":11,"column":62},"end":{"line":11,"column":66}}],"line":11},"2":{"loc":{"start":{"line":13,"column":2},"end":{"line":15,"column":3}},"type":"if","locations":[{"start":{"line":13,"column":2},"end":{"line":15,"column":3}},{"start":{},"end":{}}],"line":13},"3":{"loc":{"start":{"line":30,"column":2},"end":{"line":30,"column":31}},"type":"if","locations":[{"start":{"line":30,"column":2},"end":{"line":30,"column":31}},{"start":{},"end":{}}],"line":30},"4":{"loc":{"start":{"line":33,"column":2},"end":{"line":33,"column":38}},"type":"if","locations":[{"start":{"line":33,"column":2},"end":{"line":33,"column":38}},{"start":{},"end":{}}],"line":33},"5":{"loc":{"start":{"line":48,"column":2},"end":{"line":48,"column":27}},"type":"if","locations":[{"start":{"line":48,"column":2},"end":{"line":48,"column":27}},{"start":{},"end":{}}],"line":48},"6":{"loc":{"start":{"line":51,"column":2},"end":{"line":51,"column":42}},"type":"if","locations":[{"start":{"line":51,"column":2},"end":{"line":51,"column":42}},{"start":{},"end":{}}],"line":51},"7":{"loc":{"start":{"line":66,"column":2},"end":{"line":66,"column":27}},"type":"if","locations":[{"start":{"line":66,"column":2},"end":{"line":66,"column":27}},{"start":{},"end":{}}],"line":66},"8":{"loc":{"start":{"line":69,"column":2},"end":{"line":69,"column":42}},"type":"if","locations":[{"start":{"line":69,"column":2},"end":{"line":69,"column":42}},{"start":{},"end":{}}],"line":69}},"s":{"0":1,"1":7,"2":2,"3":5,"4":5,"5":1,"6":4,"7":4,"8":4,"9":4,"10":1,"11":5,"12":2,"13":3,"14":3,"15":1,"16":2,"17":2,"18":2,"19":2,"20":1,"21":5,"22":1,"23":4,"24":4,"25":1,"26":3,"27":3,"28":3,"29":3,"30":1,"31":6,"32":1,"33":5,"34":5,"35":1,"36":4,"37":4,"38":4,"39":4},"f":{"0":7,"1":5,"2":5,"3":6},"b":{"0":[2,5],"1":[2,3],"2":[1,4],"3":[2,3],"4":[1,2],"5":[1,4],"6":[1,3],"7":[1,5],"8":[1,4]},"_coverageSchema":"1a1c01bbd47fc00a2c39e90264f33305004495a9","hash":"8995f076720cd460a514cff919afe269ccf07547"}
}
