TN:
SF:src\components\AddTransaction.jsx
FN:3,AddTransaction
FN:11,(anonymous_1)
FN:62,(anonymous_2)
FN:65,(anonymous_3)
FN:74,(anonymous_4)
FN:80,(anonymous_5)
FN:87,(anonymous_6)
FNF:7
FNH:5
FNDA:54,AddTransaction
FNDA:6,(anonymous_1)
FNDA:22,(anonymous_2)
FNDA:2,(anonymous_3)
FNDA:8,(anonymous_4)
FNDA:0,(anonymous_5)
FNDA:0,(anonymous_6)
DA:4,54
DA:5,54
DA:6,54
DA:7,54
DA:8,54
DA:9,54
DA:11,54
DA:12,6
DA:14,6
DA:15,1
DA:16,1
DA:19,5
DA:28,5
DA:29,5
DA:35,4
DA:36,3
DA:37,3
DA:39,3
DA:40,3
DA:41,3
DA:42,3
DA:43,3
DA:45,1
DA:46,1
DA:49,1
DA:50,1
DA:54,54
DA:62,22
DA:65,2
DA:74,8
DA:80,0
DA:87,0
LF:32
LH:30
BRDA:14,0,0,1
BRDA:14,0,1,5
BRDA:35,1,0,3
BRDA:35,1,1,1
BRDA:46,2,0,1
BRDA:46,2,1,0
BRF:6
BRH:5
end_of_record
TN:
SF:src\components\BudgetForm.jsx
FN:3,BudgetForm
FN:12,(anonymous_1)
FN:18,(anonymous_2)
FN:41,(anonymous_3)
FN:91,(anonymous_4)
FN:92,(anonymous_5)
FN:107,(anonymous_6)
FN:116,(anonymous_7)
FNF:8
FNH:4
FNDA:26,BudgetForm
FNDA:10,(anonymous_1)
FNDA:9,(anonymous_2)
FNDA:0,(anonymous_3)
FNDA:0,(anonymous_4)
FNDA:312,(anonymous_5)
FNDA:0,(anonymous_6)
FNDA:0,(anonymous_7)
DA:4,26
DA:5,26
DA:6,26
DA:7,26
DA:8,26
DA:9,26
DA:12,26
DA:13,10
DA:14,9
DA:18,26
DA:19,9
DA:20,9
DA:21,9
DA:22,9
DA:25,9
DA:26,4
DA:27,4
DA:29,3
DA:30,3
DA:31,3
DA:34,2
DA:35,2
DA:37,9
DA:41,26
DA:42,0
DA:44,0
DA:45,0
DA:46,0
DA:49,0
DA:50,0
DA:51,0
DA:54,0
DA:61,0
DA:62,0
DA:68,0
DA:69,0
DA:70,0
DA:71,0
DA:73,0
DA:75,0
DA:76,0
DA:79,0
DA:80,0
DA:84,26
DA:91,0
DA:93,312
DA:107,0
DA:116,0
LF:48
LH:26
BRDA:13,0,0,9
BRDA:13,0,1,1
BRDA:25,1,0,4
BRDA:25,1,1,3
BRDA:31,2,0,3
BRDA:31,2,1,0
BRDA:44,3,0,0
BRDA:44,3,1,0
BRDA:49,4,0,0
BRDA:49,4,1,0
BRDA:49,5,0,0
BRDA:49,5,1,0
BRDA:68,6,0,0
BRDA:68,6,1,0
BRDA:76,7,0,0
BRDA:76,7,1,0
BRDA:123,8,0,26
BRDA:123,8,1,9
BRDA:125,9,0,26
BRDA:125,9,1,4
BRDA:129,10,0,4
BRDA:129,10,1,2
BRDA:132,11,0,4
BRDA:132,11,1,3
BRDA:135,12,0,4
BRDA:135,12,1,2
BRDA:138,13,0,4
BRDA:138,13,1,3
BRDA:140,14,0,4
BRDA:140,14,1,0
BRF:30
BRH:18
end_of_record
TN:
SF:src\components\GetTransaction.jsx
FN:4,(anonymous_0)
FN:8,(anonymous_1)
FN:18,(anonymous_2)
FN:49,(anonymous_3)
FNF:4
FNH:0
FNDA:0,(anonymous_0)
FNDA:0,(anonymous_1)
FNDA:0,(anonymous_2)
FNDA:0,(anonymous_3)
DA:4,0
DA:5,0
DA:6,0
DA:8,0
DA:9,0
DA:10,0
DA:11,0
DA:13,0
DA:18,0
DA:19,0
DA:20,0
DA:22,0
DA:24,0
DA:25,0
DA:26,0
DA:28,0
DA:29,0
DA:32,0
DA:33,0
DA:37,0
DA:50,0
LF:21
LH:0
BRDA:10,0,0,0
BRDA:10,0,1,0
BRDA:24,1,0,0
BRDA:24,1,1,0
BRDA:29,2,0,0
BRDA:29,2,1,0
BRDA:42,3,0,0
BRDA:42,3,1,0
BRDA:45,4,0,0
BRDA:45,4,1,0
BRDA:55,5,0,0
BRDA:55,5,1,0
BRF:12
BRH:0
end_of_record
TN:
SF:src\components\Layout.jsx
FN:4,Layout
FN:7,(anonymous_1)
FNF:2
FNH:0
FNDA:0,Layout
FNDA:0,(anonymous_1)
DA:5,0
DA:7,0
DA:8,0
DA:9,0
DA:10,0
DA:11,0
DA:12,0
DA:14,0
DA:17,0
DA:18,0
DA:21,0
LF:11
LH:0
BRDA:11,0,0,0
BRDA:11,0,1,0
BRDA:17,1,0,0
BRDA:17,1,1,0
BRF:4
BRH:0
end_of_record
TN:
SF:src\components\Login.jsx
FN:3,Login
FN:10,(anonymous_1)
FN:48,(anonymous_2)
FN:55,(anonymous_3)
FNF:4
FNH:4
FNDA:177,Login
FNDA:5,(anonymous_1)
FNDA:96,(anonymous_2)
FNDA:68,(anonymous_3)
DA:5,177
DA:6,177
DA:7,177
DA:10,177
DA:12,5
DA:21,5
DA:23,4
DA:24,4
DA:26,4
DA:27,3
DA:28,3
DA:30,0
DA:35,1
DA:36,1
DA:40,177
DA:48,96
DA:55,68
LF:17
LH:16
BRDA:21,0,0,4
BRDA:21,0,1,1
BRDA:26,1,0,3
BRDA:26,1,1,1
BRDA:28,2,0,2
BRDA:28,2,1,1
BRF:6
BRH:6
end_of_record
TN:
SF:src\components\Register.jsx
FN:3,Register
FN:11,(anonymous_1)
FN:43,(anonymous_2)
FN:49,(anonymous_3)
FN:55,(anonymous_4)
FNF:5
FNH:5
FNDA:238,Register
FNDA:5,(anonymous_1)
FNDA:54,(anonymous_2)
FNDA:104,(anonymous_3)
FNDA:66,(anonymous_4)
DA:5,238
DA:6,238
DA:7,238
DA:8,238
DA:11,238
DA:12,5
DA:15,5
DA:17,5
DA:23,5
DA:25,5
DA:26,3
DA:27,3
DA:29,2
DA:30,2
DA:31,2
DA:36,238
DA:43,54
DA:49,104
DA:55,66
LF:19
LH:19
BRDA:25,0,0,3
BRDA:25,0,1,2
BRDA:27,1,0,1
BRDA:27,1,1,2
BRF:4
BRH:4
end_of_record
TN:
SF:src\components\ToastContainer.jsx
FN:6,ToastContainer
FN:7,(anonymous_1)
FN:9,(anonymous_2)
FNF:3
FNH:0
FNDA:0,ToastContainer
FNDA:0,(anonymous_1)
FNDA:0,(anonymous_2)
DA:7,0
DA:9,0
DA:10,0
DA:12,0
DA:13,0
DA:15,0
DA:16,0
DA:18,0
DA:19,0
DA:21,0
DA:22,0
DA:24,0
DA:29,0
DA:32,0
LF:14
LH:0
BRDA:10,0,0,0
BRDA:10,0,1,0
BRDA:10,0,2,0
BRDA:10,0,3,0
BRDA:10,0,4,0
BRF:5
BRH:0
end_of_record
TN:
SF:src\pages\AddTransaction.jsx
FN:20,AddTransaction
FN:34,(anonymous_1)
FN:41,(anonymous_2)
FN:50,(anonymous_3)
FN:74,(anonymous_4)
FN:127,(anonymous_5)
FN:183,(anonymous_6)
FN:201,(anonymous_7)
FN:230,(anonymous_8)
FN:234,(anonymous_9)
FN:251,(anonymous_10)
FN:269,(anonymous_11)
FNF:12
FNH:0
FNDA:0,AddTransaction
FNDA:0,(anonymous_1)
FNDA:0,(anonymous_2)
FNDA:0,(anonymous_3)
FNDA:0,(anonymous_4)
FNDA:0,(anonymous_5)
FNDA:0,(anonymous_6)
FNDA:0,(anonymous_7)
FNDA:0,(anonymous_8)
FNDA:0,(anonymous_9)
FNDA:0,(anonymous_10)
FNDA:0,(anonymous_11)
DA:8,0
DA:21,0
DA:22,0
DA:25,0
DA:26,0
DA:27,0
DA:28,0
DA:29,0
DA:30,0
DA:31,0
DA:34,0
DA:35,0
DA:36,0
DA:41,0
DA:42,0
DA:43,0
DA:45,0
DA:50,0
DA:51,0
DA:54,0
DA:55,0
DA:56,0
DA:60,0
DA:61,0
DA:65,0
DA:66,0
DA:69,0
DA:70,0
DA:74,0
DA:75,0
DA:78,0
DA:79,0
DA:80,0
DA:83,0
DA:84,0
DA:85,0
DA:86,0
DA:89,0
DA:90,0
DA:92,0
DA:94,0
DA:97,0
DA:106,0
DA:107,0
DA:110,0
DA:112,0
DA:113,0
DA:116,0
DA:119,0
DA:120,0
DA:121,0
DA:122,0
DA:123,0
DA:127,0
DA:128,0
DA:129,0
DA:131,0
DA:136,0
DA:137,0
DA:139,0
DA:140,0
DA:141,0
DA:144,0
DA:145,0
DA:147,0
DA:151,0
DA:152,0
DA:155,0
DA:183,0
DA:201,0
DA:230,0
DA:235,0
DA:251,0
DA:269,0
LF:74
LH:0
BRDA:35,0,0,0
BRDA:35,0,1,0
BRDA:42,1,0,0
BRDA:42,1,1,0
BRDA:55,2,0,0
BRDA:55,2,1,0
BRDA:55,3,0,0
BRDA:55,3,1,0
BRDA:55,3,2,0
BRDA:60,4,0,0
BRDA:60,4,1,0
BRDA:60,5,0,0
BRDA:60,5,1,0
BRDA:65,6,0,0
BRDA:65,6,1,0
BRDA:78,7,0,0
BRDA:78,7,1,0
BRDA:83,8,0,0
BRDA:83,8,1,0
BRDA:101,9,0,0
BRDA:101,9,1,0
BRDA:103,10,0,0
BRDA:103,10,1,0
BRDA:103,11,0,0
BRDA:103,11,1,0
BRDA:122,12,0,0
BRDA:122,12,1,0
BRDA:128,13,0,0
BRDA:128,13,1,0
BRDA:140,14,0,0
BRDA:140,14,1,0
BRDA:151,15,0,0
BRDA:151,15,1,0
BRDA:164,16,0,0
BRDA:164,16,1,0
BRDA:198,17,0,0
BRDA:198,17,1,0
BRDA:204,18,0,0
BRDA:204,18,1,0
BRDA:210,19,0,0
BRDA:210,19,1,0
BRDA:228,20,0,0
BRDA:228,20,1,0
BRDA:238,21,0,0
BRDA:238,21,1,0
BRDA:249,22,0,0
BRDA:249,22,1,0
BRDA:255,23,0,0
BRDA:255,23,1,0
BRDA:261,24,0,0
BRDA:261,24,1,0
BRDA:282,25,0,0
BRDA:282,25,1,0
BRF:53
BRH:0
end_of_record
TN:
SF:src\pages\BudgetView.jsx
FN:9,BudgetView
FN:18,(anonymous_1)
FN:26,(anonymous_2)
FN:41,(anonymous_3)
FN:50,(anonymous_4)
FN:57,(anonymous_5)
FN:99,(anonymous_6)
FN:101,(anonymous_7)
FN:114,(anonymous_8)
FN:205,(anonymous_9)
FN:213,(anonymous_10)
FN:226,(anonymous_11)
FN:244,(anonymous_12)
FN:249,(anonymous_13)
FN:253,(anonymous_14)
FNF:15
FNH:0
FNDA:0,BudgetView
FNDA:0,(anonymous_1)
FNDA:0,(anonymous_2)
FNDA:0,(anonymous_3)
FNDA:0,(anonymous_4)
FNDA:0,(anonymous_5)
FNDA:0,(anonymous_6)
FNDA:0,(anonymous_7)
FNDA:0,(anonymous_8)
FNDA:0,(anonymous_9)
FNDA:0,(anonymous_10)
FNDA:0,(anonymous_11)
FNDA:0,(anonymous_12)
FNDA:0,(anonymous_13)
FNDA:0,(anonymous_14)
DA:10,0
DA:11,0
DA:12,0
DA:13,0
DA:14,0
DA:15,0
DA:16,0
DA:18,0
DA:19,0
DA:20,0
DA:21,0
DA:23,0
DA:26,0
DA:27,0
DA:29,0
DA:30,0
DA:31,0
DA:33,0
DA:34,0
DA:35,0
DA:37,0
DA:40,0
DA:41,0
DA:42,0
DA:43,0
DA:49,0
DA:50,0
DA:51,0
DA:52,0
DA:54,0
DA:57,0
DA:62,0
DA:65,0
DA:67,0
DA:71,0
DA:73,0
DA:74,0
DA:83,0
DA:85,0
DA:99,0
DA:102,0
DA:114,0
DA:205,0
DA:213,0
DA:226,0
DA:244,0
DA:250,0
DA:253,0
LF:48
LH:0
BRDA:19,0,0,0
BRDA:19,0,1,0
BRDA:27,1,0,0
BRDA:27,1,1,0
BRDA:33,2,0,0
BRDA:33,2,1,0
BRDA:43,3,0,0
BRDA:43,3,1,0
BRDA:43,3,2,0
BRDA:51,4,0,0
BRDA:51,4,1,0
BRDA:71,5,0,0
BRDA:71,5,1,0
BRDA:73,6,0,0
BRDA:73,6,1,0
BRDA:129,7,0,0
BRDA:129,7,1,0
BRDA:129,8,0,0
BRDA:129,8,1,0
BRDA:151,9,0,0
BRDA:151,9,1,0
BRDA:154,10,0,0
BRDA:154,10,1,0
BRDA:173,11,0,0
BRDA:173,11,1,0
BRDA:174,12,0,0
BRDA:174,12,1,0
BRDA:182,13,0,0
BRDA:182,13,1,0
BRDA:218,14,0,0
BRDA:218,14,1,0
BRDA:234,15,0,0
BRDA:234,15,1,0
BRF:33
BRH:0
end_of_record
TN:
SF:src\pages\Dashboard.jsx
FN:8,Dashboard
FN:16,(anonymous_1)
FN:58,(anonymous_2)
FN:67,(anonymous_3)
FNF:4
FNH:0
FNDA:0,Dashboard
FNDA:0,(anonymous_1)
FNDA:0,(anonymous_2)
FNDA:0,(anonymous_3)
DA:9,0
DA:10,0
DA:11,0
DA:12,0
DA:13,0
DA:14,0
DA:16,0
DA:17,0
DA:19,0
DA:20,0
DA:21,0
DA:22,0
DA:23,0
DA:25,0
DA:26,0
DA:28,0
DA:30,0
DA:31,0
DA:32,0
DA:35,0
DA:38,0
DA:39,0
DA:40,0
DA:41,0
DA:42,0
DA:44,0
DA:47,0
DA:48,0
DA:49,0
DA:51,0
DA:54,0
DA:58,0
DA:59,0
DA:60,0
DA:61,0
DA:63,0
DA:67,0
DA:68,0
DA:69,0
DA:70,0
DA:74,0
DA:76,0
DA:77,0
DA:86,0
DA:87,0
DA:90,0
DA:91,0
DA:92,0
DA:94,0
LF:49
LH:0
BRDA:17,0,0,0
BRDA:17,0,1,0
BRDA:30,1,0,0
BRDA:30,1,1,0
BRDA:40,2,0,0
BRDA:40,2,1,0
BRDA:48,3,0,0
BRDA:48,3,1,0
BRDA:48,4,0,0
BRDA:48,4,1,0
BRDA:59,5,0,0
BRDA:59,5,1,0
BRDA:68,6,0,0
BRDA:68,6,1,0
BRDA:68,7,0,0
BRDA:68,7,1,0
BRDA:74,8,0,0
BRDA:74,8,1,0
BRDA:76,9,0,0
BRDA:76,9,1,0
BRDA:86,10,0,0
BRDA:86,10,1,0
BRDA:86,11,0,0
BRDA:86,11,1,0
BRDA:92,12,0,0
BRDA:92,12,1,0
BRDA:92,13,0,0
BRDA:92,13,1,0
BRDA:137,14,0,0
BRDA:137,14,1,0
BRDA:141,15,0,0
BRDA:141,15,1,0
BRDA:144,16,0,0
BRDA:144,16,1,0
BRDA:171,17,0,0
BRDA:171,17,1,0
BRDA:176,18,0,0
BRDA:176,18,1,0
BRDA:177,19,0,0
BRDA:177,19,1,0
BRDA:177,19,2,0
BRDA:178,20,0,0
BRDA:178,20,1,0
BRF:43
BRH:0
end_of_record
TN:
SF:src\pages\Login.jsx
FN:7,Login
FN:15,(anonymous_1)
FN:29,(anonymous_2)
FN:102,(anonymous_3)
FN:116,(anonymous_4)
FN:122,(anonymous_5)
FNF:6
FNH:0
FNDA:0,Login
FNDA:0,(anonymous_1)
FNDA:0,(anonymous_2)
FNDA:0,(anonymous_3)
FNDA:0,(anonymous_4)
FNDA:0,(anonymous_5)
DA:8,0
DA:9,0
DA:10,0
DA:11,0
DA:12,0
DA:13,0
DA:15,0
DA:16,0
DA:17,0
DA:18,0
DA:19,0
DA:20,0
DA:22,0
DA:23,0
DA:25,0
DA:26,0
DA:29,0
DA:30,0
DA:32,0
DA:33,0
DA:34,0
DA:37,0
DA:38,0
DA:40,0
DA:41,0
DA:43,0
DA:44,0
DA:45,0
DA:47,0
DA:48,0
DA:50,0
DA:53,0
DA:54,0
DA:55,0
DA:57,0
DA:58,0
DA:59,0
DA:62,0
DA:66,0
DA:67,0
DA:68,0
DA:70,0
DA:74,0
DA:102,0
DA:116,0
DA:122,0
LF:46
LH:0
BRDA:17,0,0,0
BRDA:17,0,1,0
BRDA:19,1,0,0
BRDA:19,1,1,0
BRDA:22,2,0,0
BRDA:22,2,1,0
BRDA:32,3,0,0
BRDA:32,3,1,0
BRDA:43,4,0,0
BRDA:43,4,1,0
BRDA:47,5,0,0
BRDA:47,5,1,0
BRDA:66,6,0,0
BRDA:66,6,1,0
BRDA:89,7,0,0
BRDA:89,7,1,0
BRDA:99,8,0,0
BRDA:99,8,1,0
BRDA:105,9,0,0
BRDA:105,9,1,0
BRDA:112,10,0,0
BRDA:112,10,1,0
BRDA:113,11,0,0
BRDA:113,11,1,0
BRDA:137,12,0,0
BRDA:137,12,1,0
BRDA:140,13,0,0
BRDA:140,13,1,0
BRDA:149,14,0,0
BRDA:149,14,1,0
BRF:30
BRH:0
end_of_record
TN:
SF:src\pages\PreviousBudgets.jsx
FN:8,PreviousBudgets
FN:14,(anonymous_1)
FN:22,(anonymous_2)
FN:36,(anonymous_3)
FN:40,(anonymous_4)
FN:79,(anonymous_5)
FNF:6
FNH:0
FNDA:0,PreviousBudgets
FNDA:0,(anonymous_1)
FNDA:0,(anonymous_2)
FNDA:0,(anonymous_3)
FNDA:0,(anonymous_4)
FNDA:0,(anonymous_5)
DA:9,0
DA:10,0
DA:11,0
DA:12,0
DA:14,0
DA:15,0
DA:16,0
DA:17,0
DA:19,0
DA:22,0
DA:23,0
DA:25,0
DA:26,0
DA:27,0
DA:28,0
DA:30,0
DA:32,0
DA:36,0
DA:37,0
DA:40,0
DA:41,0
DA:42,0
DA:43,0
DA:44,0
DA:45,0
DA:46,0
DA:48,0
DA:52,0
DA:54,0
DA:55,0
DA:64,0
DA:80,0
DA:81,0
DA:82,0
DA:84,0
LF:35
LH:0
BRDA:15,0,0,0
BRDA:15,0,1,0
BRDA:23,1,0,0
BRDA:23,1,1,0
BRDA:28,2,0,0
BRDA:28,2,1,0
BRDA:41,3,0,0
BRDA:41,3,1,0
BRDA:43,4,0,0
BRDA:43,4,1,0
BRDA:45,5,0,0
BRDA:45,5,1,0
BRDA:52,6,0,0
BRDA:52,6,1,0
BRDA:54,7,0,0
BRDA:54,7,1,0
BRDA:71,8,0,0
BRDA:71,8,1,0
BRDA:122,9,0,0
BRDA:122,9,1,0
BRDA:125,10,0,0
BRDA:125,10,1,0
BRDA:146,11,0,0
BRDA:146,11,1,0
BRDA:147,12,0,0
BRDA:147,12,1,0
BRDA:153,13,0,0
BRDA:153,13,1,0
BRF:28
BRH:0
end_of_record
TN:
SF:src\pages\Profile.jsx
FN:6,Profile
FN:12,(anonymous_1)
FN:18,(anonymous_2)
FNF:3
FNH:0
FNDA:0,Profile
FNDA:0,(anonymous_1)
FNDA:0,(anonymous_2)
DA:7,0
DA:8,0
DA:9,0
DA:10,0
DA:12,0
DA:13,0
DA:14,0
DA:18,0
DA:19,0
DA:20,0
DA:21,0
DA:22,0
DA:25,0
DA:27,0
LF:14
LH:0
BRDA:10,0,0,0
BRDA:10,0,1,0
BRDA:13,1,0,0
BRDA:13,1,1,0
BRDA:25,2,0,0
BRDA:25,2,1,0
BRF:6
BRH:0
end_of_record
TN:
SF:src\pages\Register.jsx
FN:7,Register
FN:18,(anonymous_1)
FN:40,(anonymous_2)
FN:60,(anonymous_3)
FN:100,(anonymous_4)
FN:113,(anonymous_5)
FN:127,(anonymous_6)
FN:133,(anonymous_7)
FN:162,(anonymous_8)
FN:168,(anonymous_9)
FNF:10
FNH:0
FNDA:0,Register
FNDA:0,(anonymous_1)
FNDA:0,(anonymous_2)
FNDA:0,(anonymous_3)
FNDA:0,(anonymous_4)
FNDA:0,(anonymous_5)
FNDA:0,(anonymous_6)
FNDA:0,(anonymous_7)
FNDA:0,(anonymous_8)
FNDA:0,(anonymous_9)
DA:8,0
DA:9,0
DA:10,0
DA:11,0
DA:12,0
DA:13,0
DA:14,0
DA:15,0
DA:16,0
DA:18,0
DA:19,0
DA:20,0
DA:21,0
DA:23,0
DA:24,0
DA:25,0
DA:26,0
DA:28,0
DA:29,0
DA:30,0
DA:31,0
DA:33,0
DA:34,0
DA:36,0
DA:37,0
DA:40,0
DA:41,0
DA:43,0
DA:44,0
DA:45,0
DA:48,0
DA:49,0
DA:51,0
DA:52,0
DA:54,0
DA:55,0
DA:57,0
DA:59,0
DA:60,0
DA:61,0
DA:64,0
DA:65,0
DA:66,0
DA:68,0
DA:72,0
DA:100,0
DA:113,0
DA:127,0
DA:133,0
DA:162,0
DA:168,0
LF:51
LH:0
BRDA:20,0,0,0
BRDA:20,0,1,0
BRDA:20,1,0,0
BRDA:20,1,1,0
BRDA:23,2,0,0
BRDA:23,2,1,0
BRDA:25,3,0,0
BRDA:25,3,1,0
BRDA:28,4,0,0
BRDA:28,4,1,0
BRDA:30,5,0,0
BRDA:30,5,1,0
BRDA:33,6,0,0
BRDA:33,6,1,0
BRDA:43,7,0,0
BRDA:43,7,1,0
BRDA:54,8,0,0
BRDA:54,8,1,0
BRDA:54,9,0,0
BRDA:54,9,1,0
BRDA:64,10,0,0
BRDA:64,10,1,0
BRDA:87,11,0,0
BRDA:87,11,1,0
BRDA:97,12,0,0
BRDA:97,12,1,0
BRDA:103,13,0,0
BRDA:103,13,1,0
BRDA:110,14,0,0
BRDA:110,14,1,0
BRDA:116,15,0,0
BRDA:116,15,1,0
BRDA:123,16,0,0
BRDA:123,16,1,0
BRDA:124,17,0,0
BRDA:124,17,1,0
BRDA:148,18,0,0
BRDA:148,18,1,0
BRDA:151,19,0,0
BRDA:151,19,1,0
BRDA:158,20,0,0
BRDA:158,20,1,0
BRDA:159,21,0,0
BRDA:159,21,1,0
BRDA:183,22,0,0
BRDA:183,22,1,0
BRDA:186,23,0,0
BRDA:186,23,1,0
BRDA:195,24,0,0
BRDA:195,24,1,0
BRF:50
BRH:0
end_of_record
TN:
SF:src\pages\SetBudget.jsx
FN:8,SetBudget
FN:15,(anonymous_1)
FN:21,(anonymous_2)
FN:30,(anonymous_3)
FN:60,(anonymous_4)
FN:101,(anonymous_5)
FNF:6
FNH:0
FNDA:0,SetBudget
FNDA:0,(anonymous_1)
FNDA:0,(anonymous_2)
FNDA:0,(anonymous_3)
FNDA:0,(anonymous_4)
FNDA:0,(anonymous_5)
DA:9,0
DA:10,0
DA:11,0
DA:12,0
DA:13,0
DA:15,0
DA:16,0
DA:17,0
DA:21,0
DA:22,0
DA:23,0
DA:24,0
DA:26,0
DA:27,0
DA:30,0
DA:31,0
DA:33,0
DA:34,0
DA:35,0
DA:38,0
DA:39,0
DA:40,0
DA:41,0
DA:44,0
DA:45,0
DA:47,0
DA:48,0
DA:49,0
DA:50,0
DA:52,0
DA:59,0
DA:60,0
DA:61,0
DA:64,0
DA:65,0
DA:66,0
DA:68,0
DA:72,0
DA:74,0
DA:101,0
LF:40
LH:0
BRDA:16,0,0,0
BRDA:16,0,1,0
BRDA:23,1,0,0
BRDA:23,1,1,0
BRDA:23,2,0,0
BRDA:23,2,1,0
BRDA:33,3,0,0
BRDA:33,3,1,0
BRDA:38,4,0,0
BRDA:38,4,1,0
BRDA:64,5,0,0
BRDA:64,5,1,0
BRDA:72,6,0,0
BRDA:72,6,1,0
BRDA:85,7,0,0
BRDA:85,7,1,0
BRDA:98,8,0,0
BRDA:98,8,1,0
BRDA:104,9,0,0
BRDA:104,9,1,0
BRDA:113,10,0,0
BRDA:113,10,1,0
BRF:22
BRH:0
end_of_record
TN:
SF:src\pages\Transactions.jsx
FN:22,Transactions
FN:32,(anonymous_1)
FN:54,(anonymous_2)
FN:75,(anonymous_3)
FN:84,(anonymous_4)
FN:91,(anonymous_5)
FN:95,(anonymous_6)
FN:100,(anonymous_7)
FN:109,(anonymous_8)
FN:114,(anonymous_9)
FN:115,(anonymous_10)
FN:161,(anonymous_11)
FN:169,(anonymous_12)
FN:172,(anonymous_13)
FN:220,(anonymous_14)
FN:227,(anonymous_15)
FN:228,(anonymous_16)
FNF:17
FNH:0
FNDA:0,Transactions
FNDA:0,(anonymous_1)
FNDA:0,(anonymous_2)
FNDA:0,(anonymous_3)
FNDA:0,(anonymous_4)
FNDA:0,(anonymous_5)
FNDA:0,(anonymous_6)
FNDA:0,(anonymous_7)
FNDA:0,(anonymous_8)
FNDA:0,(anonymous_9)
FNDA:0,(anonymous_10)
FNDA:0,(anonymous_11)
FNDA:0,(anonymous_12)
FNDA:0,(anonymous_13)
FNDA:0,(anonymous_14)
FNDA:0,(anonymous_15)
FNDA:0,(anonymous_16)
DA:9,0
DA:23,0
DA:24,0
DA:25,0
DA:26,0
DA:27,0
DA:28,0
DA:29,0
DA:30,0
DA:32,0
DA:33,0
DA:34,0
DA:35,0
DA:38,0
DA:39,0
DA:40,0
DA:41,0
DA:43,0
DA:45,0
DA:46,0
DA:47,0
DA:49,0
DA:51,0
DA:54,0
DA:55,0
DA:56,0
DA:57,0
DA:60,0
DA:61,0
DA:63,0
DA:65,0
DA:66,0
DA:67,0
DA:68,0
DA:70,0
DA:75,0
DA:76,0
DA:77,0
DA:78,0
DA:80,0
DA:84,0
DA:85,0
DA:86,0
DA:91,0
DA:92,0
DA:94,0
DA:95,0
DA:98,0
DA:99,0
DA:100,0
DA:101,0
DA:102,0
DA:106,0
DA:109,0
DA:110,0
DA:111,0
DA:114,0
DA:115,0
DA:116,0
DA:119,0
DA:121,0
DA:122,0
DA:131,0
DA:161,0
DA:169,0
DA:173,0
DA:221,0
DA:227,0
DA:228,0
LF:69
LH:0
BRDA:33,0,0,0
BRDA:33,0,1,0
BRDA:47,1,0,0
BRDA:47,1,1,0
BRDA:49,2,0,0
BRDA:49,2,1,0
BRDA:76,3,0,0
BRDA:76,3,1,0
BRDA:85,4,0,0
BRDA:85,4,1,0
BRDA:85,5,0,0
BRDA:85,5,1,0
BRDA:94,6,0,0
BRDA:94,6,1,0
BRDA:98,7,0,0
BRDA:98,7,1,0
BRDA:119,8,0,0
BRDA:119,8,1,0
BRDA:121,9,0,0
BRDA:121,9,1,0
BRDA:178,10,0,0
BRDA:178,10,1,0
BRDA:178,10,2,0
BRDA:189,11,0,0
BRDA:189,11,1,0
BRDA:195,12,0,0
BRDA:195,12,1,0
BRDA:239,13,0,0
BRDA:239,13,1,0
BRDA:242,14,0,0
BRDA:242,14,1,0
BRDA:246,15,0,0
BRDA:246,15,1,0
BRDA:253,16,0,0
BRDA:253,16,1,0
BRDA:257,17,0,0
BRDA:257,17,1,0
BRDA:260,18,0,0
BRDA:260,18,1,0
BRF:39
BRH:0
end_of_record
TN:
SF:src\services\api.js
FN:7,apiRequest
FN:68,(anonymous_1)
FN:74,(anonymous_2)
FN:83,(anonymous_3)
FN:89,(anonymous_4)
FN:92,(anonymous_5)
FN:98,(anonymous_6)
FN:104,(anonymous_7)
FNF:8
FNH:8
FNDA:12,apiRequest
FNDA:2,(anonymous_1)
FNDA:5,(anonymous_2)
FNDA:1,(anonymous_3)
FNDA:1,(anonymous_4)
FNDA:1,(anonymous_5)
FNDA:1,(anonymous_6)
FNDA:1,(anonymous_7)
DA:4,1
DA:8,12
DA:9,12
DA:18,12
DA:19,12
DA:20,9
DA:23,12
DA:24,12
DA:26,11
DA:31,11
DA:32,11
DA:33,11
DA:34,11
DA:36,1
DA:37,1
DA:38,1
DA:41,10
DA:42,3
DA:43,3
DA:48,3
DA:51,7
DA:52,7
DA:54,5
DA:60,5
DA:65,1
DA:69,2
DA:75,5
DA:84,1
DA:90,1
DA:93,1
DA:99,1
DA:105,1
LF:32
LH:32
BRDA:7,0,0,3
BRDA:10,1,0,12
BRDA:10,1,1,3
BRDA:15,2,0,12
BRDA:15,2,1,9
BRDA:19,3,0,9
BRDA:19,3,1,3
BRDA:34,4,0,11
BRDA:34,4,1,0
BRDA:41,5,0,3
BRDA:41,5,1,7
BRDA:42,6,0,3
BRDA:42,6,1,0
BRDA:42,6,2,0
BRF:14
BRH:11
end_of_record
TN:
SF:src\services\notification.js
FN:5,(anonymous_0)
FN:10,(anonymous_1)
FN:13,(anonymous_2)
FN:14,(anonymous_3)
FN:19,(anonymous_4)
FN:20,(anonymous_5)
FN:28,(anonymous_6)
FN:32,(anonymous_7)
FN:36,(anonymous_8)
FN:40,(anonymous_9)
FNF:10
FNH:10
FNDA:1,(anonymous_0)
FNDA:21,(anonymous_1)
FNDA:18,(anonymous_2)
FNDA:47,(anonymous_3)
FNDA:13,(anonymous_4)
FNDA:30,(anonymous_5)
FNDA:1,(anonymous_6)
FNDA:1,(anonymous_7)
FNDA:1,(anonymous_8)
FNDA:1,(anonymous_9)
DA:6,1
DA:11,21
DA:13,21
DA:14,47
DA:20,13
DA:21,30
DA:22,16
DA:29,1
DA:33,1
DA:37,1
DA:41,1
DA:46,1
LF:12
LH:12
BRDA:21,0,0,16
BRDA:21,0,1,14
BRDA:21,1,0,30
BRDA:21,1,1,16
BRF:4
BRH:4
end_of_record
TN:
SF:src\utils\dateUtils.js
FN:8,(anonymous_0)
FN:29,(anonymous_1)
FN:47,(anonymous_2)
FN:65,(anonymous_3)
FNF:4
FNH:4
FNDA:7,(anonymous_0)
FNDA:5,(anonymous_1)
FNDA:5,(anonymous_2)
FNDA:6,(anonymous_3)
DA:8,1
DA:9,7
DA:11,5
DA:13,5
DA:14,1
DA:17,4
DA:18,4
DA:19,4
DA:21,4
DA:29,1
DA:30,5
DA:32,3
DA:33,3
DA:35,2
DA:36,2
DA:37,2
DA:39,2
DA:47,1
DA:48,5
DA:50,4
DA:51,4
DA:53,3
DA:54,3
DA:55,3
DA:57,3
DA:65,1
DA:66,6
DA:68,5
DA:69,5
DA:71,4
DA:72,4
DA:73,4
DA:75,4
LF:33
LH:33
BRDA:9,0,0,2
BRDA:9,0,1,5
BRDA:11,1,0,2
BRDA:11,1,1,3
BRDA:13,2,0,1
BRDA:13,2,1,4
BRDA:30,3,0,2
BRDA:30,3,1,3
BRDA:33,4,0,1
BRDA:33,4,1,2
BRDA:48,5,0,1
BRDA:48,5,1,4
BRDA:51,6,0,1
BRDA:51,6,1,3
BRDA:66,7,0,1
BRDA:66,7,1,5
BRDA:69,8,0,1
BRDA:69,8,1,4
BRF:18
BRH:18
end_of_record
